#
# A fatal error has been detected by the Java Runtime Environment:
#
#  EXCEPTION_ACCESS_VIOLATION (0xc0000005) at pc=0x00007ffcbec39456, pid=102016, tid=110008
#
# JRE version: OpenJDK Runtime Environment Temurin-17.0.8+7 (17.0.8+7) (build 17.0.8+7)
# Java VM: OpenJDK 64-Bit Server VM Temurin-17.0.8+7 (17.0.8+7, mixed mode, tiered, compressed oops, compressed class ptrs, g1 gc, windows-amd64)
# Problematic frame:
# V  [jvm.dll+0x389456]
#
# No core dump will be written. Minidumps are not enabled by default on client versions of Windows
#
# If you would like to submit a bug report, please visit:
#   https://github.com/adoptium/adoptium-support/issues
#

---------------  S U M M A R Y ------------

Command Line: -ea -Dfile.encoding=UTF-8 -XX:+ShowCodeDetailsInExceptionMessages org.testng.remote.RemoteTestNG -serport 59084 -protocol json -d C:\Users\niting\eclipse-workspace\Skochvotings\test-output C:\Users\niting\AppData\Local\Temp\testng-eclipse--1617197939\testng-customsuite.xml

Host: Intel(R) Core(TM) i5-6500T CPU @ 2.50GHz, 4 cores, 7G,  Windows 10 , 64 bit Build 19041 (10.0.19041.3155)
Time: Fri Aug 25 15:49:55 2023 India Standard Time elapsed time: 4.398927 seconds (0d 0h 0m 4s)

---------------  T H R E A D  ---------------

Current thread (0x0000024d09358e10):  JavaThread "Keep-Alive-Timer" daemon [_thread_in_vm, id=110008, stack(0x00000095db000000,0x00000095db100000)]

Stack: [0x00000095db000000,0x00000095db100000],  sp=0x00000095db0ff3f0,  free space=1020k
Native frames: (J=compiled Java code, j=interpreted, Vv=VM code, C=native code)
V  [jvm.dll+0x389456]
V  [jvm.dll+0x678a32]
V  [jvm.dll+0x38a0ab]
V  [jvm.dll+0x38a337]
V  [jvm.dll+0x40fd61]
V  [jvm.dll+0x7ec09b]
V  [jvm.dll+0x7e64ca]
