#
# There is insufficient memory for the Java Runtime Environment to continue.
# Native memory allocation (malloc) failed to allocate 521504 bytes for Chunk::new
# Possible reasons:
#   The system is out of physical RAM or swap space
#   The process is running with CompressedOops enabled, and the Java Heap may be blocking the growth of the native heap
# Possible solutions:
#   Reduce memory load on the system
#   Increase physical memory or swap space
#   Check if swap backing store is full
#   Decrease Java heap size (-Xmx/-Xms)
#   Decrease number of Java threads
#   Decrease Java thread stack sizes (-Xss)
#   Set larger code cache with -XX:ReservedCodeCacheSize=
#   JVM is running with Unscaled Compressed Oops mode in which the Java heap is
#     placed in the first 4GB address space. The Java Heap base address is the
#     maximum limit for the native heap growth. Please use -XX:HeapBaseMinAddress
#     to set the Java Heap base and to place the Java Heap above 4GB virtual address.
# This output file may be truncated or incomplete.
#
#  Out of Memory Error (arena.cpp:189), pid=97236, tid=102812
#
# JRE version: OpenJDK Runtime Environment Temurin-17.0.8+7 (17.0.8+7) (build 17.0.8+7)
# Java VM: OpenJDK 64-Bit Server VM Temurin-17.0.8+7 (17.0.8+7, mixed mode, tiered, compressed oops, compressed class ptrs, g1 gc, windows-amd64)
# No core dump will be written. Minidumps are not enabled by default on client versions of Windows
#

---------------  S U M M A R Y ------------

Command Line: -ea -Dfile.encoding=UTF-8 -XX:+ShowCodeDetailsInExceptionMessages org.testng.remote.RemoteTestNG -serport 65107 -protocol json -d C:\Users\niting\eclipse-workspace\Skochvotings\test-output C:\Users\niting\AppData\Local\Temp\testng-eclipse--1473755382\testng-customsuite.xml

Host: Intel(R) Core(TM) i5-6500T CPU @ 2.50GHz, 4 cores, 7G,  Windows 10 , 64 bit Build 19041 (10.0.19041.3155)
Time: Fri Aug 25 03:45:49 2023 India Standard Time elapsed time: 2.060850 seconds (0d 0h 0m 2s)

---------------  T H R E A D  ---------------

Current thread (0x00000275d5ae73e0):  JavaThread "C2 CompilerThread0" daemon [_thread_in_native, id=102812, stack(0x000000c0dfb00000,0x000000c0dfc00000)]


Current CompileTask:
C2:   2060 1534   !   4       jdk.internal.loader.URLClassPath$JarLoader::getResource (354 bytes)

Stack: [0x000000c0dfb00000,0x000000c0dfc00000]
Native frames: (J=compiled Java code, j=interpreted, Vv=VM code, C=native code)
V  [jvm.dll+0x678b0a]
V  [jvm.dll+0x835e84]
V  [jvm.dll+0x83762e]
V  [jvm.dll+0x837c93]
V  [jvm.dll+0x24746f]
V  [jvm.dll+0xac20c]
V  [jvm.dll+0xac7dc]
V  [jvm.dll+0x365ca7]
V  [jvm.dll+0x3301a1]
V  [jvm.dll+0x32f64a]
V  [jvm.dll+0x219bf1]
V  [jvm.dll+0x219011]
V  [jvm.dll+0x1a534d]
V  [jvm.dll+0x228d8a]
V  [jvm.dll+0x226dcc]
V  [jvm.dll+0x7ec09b]
V  [jvm.dll+0x7e64ca]
V  [jvm.dll+0x677955]
C  [ucrtbase.dll+0x21bb2]
C  [KERNEL32.DLL+0x17614]
C  [ntdll.dll+0x526b1]


---------------  P R O C E S S  ---------------

Threads class SMR info:
_java_thread_list=0x00000275da81d1a0, length=13, elements={
0x00000275bc3aa930, 0x00000275d5ac3020, 0x00000275d5ac4120, 0x00000275d5acaa60,
0x00000275d5aa5d10, 0x00000275d5aa67d0, 0x00000275d5ae67e0, 0x00000275d5ae73e0,
0x00000275d5b0b580, 0x00000275d5aaa7c0, 0x00000275d5c67e70, 0x00000275d5c7c440,
0x00000275da7fe840
}

Java Threads: ( => current thread )
  0x00000275bc3aa930 JavaThread "main" [_thread_in_Java, id=102260, stack(0x000000c0dee00000,0x000000c0def00000)]
  0x00000275d5ac3020 JavaThread "Reference Handler" daemon [_thread_blocked, id=102380, stack(0x000000c0df500000,0x000000c0df600000)]
  0x00000275d5ac4120 JavaThread "Finalizer" daemon [_thread_blocked, id=102376, stack(0x000000c0df600000,0x000000c0df700000)]
  0x00000275d5acaa60 JavaThread "Signal Dispatcher" daemon [_thread_blocked, id=82436, stack(0x000000c0df700000,0x000000c0df800000)]
  0x00000275d5aa5d10 JavaThread "Attach Listener" daemon [_thread_blocked, id=101092, stack(0x000000c0df800000,0x000000c0df900000)]
  0x00000275d5aa67d0 JavaThread "Service Thread" daemon [_thread_blocked, id=95584, stack(0x000000c0df900000,0x000000c0dfa00000)]
  0x00000275d5ae67e0 JavaThread "Monitor Deflation Thread" daemon [_thread_blocked, id=97788, stack(0x000000c0dfa00000,0x000000c0dfb00000)]
=>0x00000275d5ae73e0 JavaThread "C2 CompilerThread0" daemon [_thread_in_native, id=102812, stack(0x000000c0dfb00000,0x000000c0dfc00000)]
  0x00000275d5b0b580 JavaThread "C1 CompilerThread0" daemon [_thread_in_native, id=91420, stack(0x000000c0dfc00000,0x000000c0dfd00000)]
  0x00000275d5aaa7c0 JavaThread "Sweeper thread" daemon [_thread_blocked, id=92716, stack(0x000000c0dfd00000,0x000000c0dfe00000)]
  0x00000275d5c67e70 JavaThread "Notification Thread" daemon [_thread_blocked, id=99284, stack(0x000000c0dfe00000,0x000000c0dff00000)]
  0x00000275d5c7c440 JavaThread "Common-Cleaner" daemon [_thread_blocked, id=103048, stack(0x000000c0e0000000,0x000000c0e0100000)]
  0x00000275da7fe840 JavaThread "ReaderThread" [_thread_in_native, id=82724, stack(0x000000c0e0500000,0x000000c0e0600000)]

Other Threads:
  0x00000275d5a8e080 VMThread "VM Thread" [stack: 0x000000c0df400000,0x000000c0df500000] [id=89960]
  0x00000275d5c68760 WatcherThread [stack: 0x000000c0dff00000,0x000000c0e0000000] [id=102652]
  0x00000275bc404760 GCTaskThread "GC Thread#0" [stack: 0x000000c0def00000,0x000000c0df000000] [id=101572]
  0x00000275da6e7270 GCTaskThread "GC Thread#1" [stack: 0x000000c0e0200000,0x000000c0e0300000] [id=96448]
  0x00000275da1eb450 GCTaskThread "GC Thread#2" [stack: 0x000000c0e0300000,0x000000c0e0400000] [id=91228]
  0x00000275da17a880 GCTaskThread "GC Thread#3" [stack: 0x000000c0e0400000,0x000000c0e0500000] [id=58376]
  0x00000275bc415330 ConcurrentGCThread "G1 Main Marker" [stack: 0x000000c0df000000,0x000000c0df100000] [id=100452]
  0x00000275bc416c80 ConcurrentGCThread "G1 Conc#0" [stack: 0x000000c0df100000,0x000000c0df200000] [id=81044]
  0x00000275d58e24c0 ConcurrentGCThread "G1 Refine#0" [stack: 0x000000c0df200000,0x000000c0df300000] [id=102164]
  0x00000275d58e2ef0 ConcurrentGCThread "G1 Service" [stack: 0x000000c0df300000,0x000000c0df400000] [id=101476]

Threads with active compile tasks:
C2 CompilerThread0     2099 1534   !   4       jdk.internal.loader.URLClassPath$JarLoader::getResource (354 bytes)
C1 CompilerThread0     2099 1569       3       java.lang.invoke.MethodHandles$Lookup::getDirectMethodForConstant (72 bytes)

VM state: not at safepoint (normal execution)

VM Mutex/Monitor currently owned by a thread: None

Heap address: 0x0000000081c00000, size: 2020 MB, Compressed Oops mode: 32-bit

CDS archive(s) not mapped
Compressed class space mapped at: 0x0000000100000000-0x0000000140000000, reserved size: 1073741824
Narrow klass base: 0x0000000000000000, Narrow klass shift: 3, Narrow klass range: 0x140000000

GC Precious Log:
 CPUs: 4 total, 4 available
 Memory: 8072M
 Large Page Support: Disabled
 NUMA Support: Disabled
 Compressed Oops: Enabled (32-bit)
 Heap Region Size: 1M
 Heap Min Capacity: 8M
 Heap Initial Capacity: 128M
 Heap Max Capacity: 2020M
 Pre-touch: Disabled
 Parallel Workers: 4
 Concurrent Workers: 1
 Concurrent Refinement Workers: 4
 Periodic GC: Disabled

Heap:
 garbage-first heap   total 131072K, used 24988K [0x0000000081c00000, 0x0000000100000000)
  region size 1024K, 19 young (19456K), 1 survivors (1024K)
 Metaspace       used 19482K, committed 19776K, reserved 1114112K
  class space    used 2009K, committed 2112K, reserved 1048576K

Heap Regions: E=young(eden), S=young(survivor), O=old, HS=humongous(starts), HC=humongous(continues), CS=collection set, F=free, OA=open archive, CA=closed archive, TAMS=top-at-mark-start (previous, next)
|   0|0x0000000081c00000, 0x0000000081d00000, 0x0000000081d00000|100%| O|  |TAMS 0x0000000081c00000, 0x0000000081c00000| Untracked 
|   1|0x0000000081d00000, 0x0000000081e00000, 0x0000000081e00000|100%| O|  |TAMS 0x0000000081d00000, 0x0000000081d00000| Untracked 
|   2|0x0000000081e00000, 0x0000000081f00000, 0x0000000081f00000|100%| O|  |TAMS 0x0000000081e00000, 0x0000000081e00000| Untracked 
|   3|0x0000000081f00000, 0x0000000082000000, 0x0000000082000000|100%| O|  |TAMS 0x0000000081f00000, 0x0000000081f00000| Untracked 
|   4|0x0000000082000000, 0x0000000082100000, 0x0000000082100000|100%| O|  |TAMS 0x0000000082000000, 0x0000000082000000| Untracked 
|   5|0x0000000082100000, 0x0000000082200000, 0x0000000082200000|100%| O|  |TAMS 0x0000000082100000, 0x0000000082100000| Untracked 
|   6|0x0000000082200000, 0x0000000082272000, 0x0000000082300000| 44%| O|  |TAMS 0x0000000082200000, 0x0000000082200000| Untracked 
|   7|0x0000000082300000, 0x0000000082300000, 0x0000000082400000|  0%| F|  |TAMS 0x0000000082300000, 0x0000000082300000| Untracked 
|   8|0x0000000082400000, 0x0000000082400000, 0x0000000082500000|  0%| F|  |TAMS 0x0000000082400000, 0x0000000082400000| Untracked 
|   9|0x0000000082500000, 0x0000000082500000, 0x0000000082600000|  0%| F|  |TAMS 0x0000000082500000, 0x0000000082500000| Untracked 
|  10|0x0000000082600000, 0x0000000082600000, 0x0000000082700000|  0%| F|  |TAMS 0x0000000082600000, 0x0000000082600000| Untracked 
|  11|0x0000000082700000, 0x0000000082700000, 0x0000000082800000|  0%| F|  |TAMS 0x0000000082700000, 0x0000000082700000| Untracked 
|  12|0x0000000082800000, 0x0000000082800000, 0x0000000082900000|  0%| F|  |TAMS 0x0000000082800000, 0x0000000082800000| Untracked 
|  13|0x0000000082900000, 0x0000000082900000, 0x0000000082a00000|  0%| F|  |TAMS 0x0000000082900000, 0x0000000082900000| Untracked 
|  14|0x0000000082a00000, 0x0000000082a00000, 0x0000000082b00000|  0%| F|  |TAMS 0x0000000082a00000, 0x0000000082a00000| Untracked 
|  15|0x0000000082b00000, 0x0000000082b00000, 0x0000000082c00000|  0%| F|  |TAMS 0x0000000082b00000, 0x0000000082b00000| Untracked 
|  16|0x0000000082c00000, 0x0000000082c00000, 0x0000000082d00000|  0%| F|  |TAMS 0x0000000082c00000, 0x0000000082c00000| Untracked 
|  17|0x0000000082d00000, 0x0000000082d00000, 0x0000000082e00000|  0%| F|  |TAMS 0x0000000082d00000, 0x0000000082d00000| Untracked 
|  18|0x0000000082e00000, 0x0000000082e00000, 0x0000000082f00000|  0%| F|  |TAMS 0x0000000082e00000, 0x0000000082e00000| Untracked 
|  19|0x0000000082f00000, 0x0000000082f00000, 0x0000000083000000|  0%| F|  |TAMS 0x0000000082f00000, 0x0000000082f00000| Untracked 
|  20|0x0000000083000000, 0x0000000083000000, 0x0000000083100000|  0%| F|  |TAMS 0x0000000083000000, 0x0000000083000000| Untracked 
|  21|0x0000000083100000, 0x0000000083100000, 0x0000000083200000|  0%| F|  |TAMS 0x0000000083100000, 0x0000000083100000| Untracked 
|  22|0x0000000083200000, 0x0000000083200000, 0x0000000083300000|  0%| F|  |TAMS 0x0000000083200000, 0x0000000083200000| Untracked 
|  23|0x0000000083300000, 0x0000000083300000, 0x0000000083400000|  0%| F|  |TAMS 0x0000000083300000, 0x0000000083300000| Untracked 
|  24|0x0000000083400000, 0x0000000083400000, 0x0000000083500000|  0%| F|  |TAMS 0x0000000083400000, 0x0000000083400000| Untracked 
|  25|0x0000000083500000, 0x0000000083500000, 0x0000000083600000|  0%| F|  |TAMS 0x0000000083500000, 0x0000000083500000| Untracked 
|  26|0x0000000083600000, 0x0000000083600000, 0x0000000083700000|  0%| F|  |TAMS 0x0000000083600000, 0x0000000083600000| Untracked 
|  27|0x0000000083700000, 0x0000000083700000, 0x0000000083800000|  0%| F|  |TAMS 0x0000000083700000, 0x0000000083700000| Untracked 
|  28|0x0000000083800000, 0x0000000083800000, 0x0000000083900000|  0%| F|  |TAMS 0x0000000083800000, 0x0000000083800000| Untracked 
|  29|0x0000000083900000, 0x0000000083900000, 0x0000000083a00000|  0%| F|  |TAMS 0x0000000083900000, 0x0000000083900000| Untracked 
|  30|0x0000000083a00000, 0x0000000083a00000, 0x0000000083b00000|  0%| F|  |TAMS 0x0000000083a00000, 0x0000000083a00000| Untracked 
|  31|0x0000000083b00000, 0x0000000083b00000, 0x0000000083c00000|  0%| F|  |TAMS 0x0000000083b00000, 0x0000000083b00000| Untracked 
|  32|0x0000000083c00000, 0x0000000083c00000, 0x0000000083d00000|  0%| F|  |TAMS 0x0000000083c00000, 0x0000000083c00000| Untracked 
|  33|0x0000000083d00000, 0x0000000083d00000, 0x0000000083e00000|  0%| F|  |TAMS 0x0000000083d00000, 0x0000000083d00000| Untracked 
|  34|0x0000000083e00000, 0x0000000083e00000, 0x0000000083f00000|  0%| F|  |TAMS 0x0000000083e00000, 0x0000000083e00000| Untracked 
|  35|0x0000000083f00000, 0x0000000083f00000, 0x0000000084000000|  0%| F|  |TAMS 0x0000000083f00000, 0x0000000083f00000| Untracked 
|  36|0x0000000084000000, 0x0000000084000000, 0x0000000084100000|  0%| F|  |TAMS 0x0000000084000000, 0x0000000084000000| Untracked 
|  37|0x0000000084100000, 0x0000000084100000, 0x0000000084200000|  0%| F|  |TAMS 0x0000000084100000, 0x0000000084100000| Untracked 
|  38|0x0000000084200000, 0x0000000084200000, 0x0000000084300000|  0%| F|  |TAMS 0x0000000084200000, 0x0000000084200000| Untracked 
|  39|0x0000000084300000, 0x0000000084300000, 0x0000000084400000|  0%| F|  |TAMS 0x0000000084300000, 0x0000000084300000| Untracked 
|  40|0x0000000084400000, 0x0000000084400000, 0x0000000084500000|  0%| F|  |TAMS 0x0000000084400000, 0x0000000084400000| Untracked 
|  41|0x0000000084500000, 0x0000000084500000, 0x0000000084600000|  0%| F|  |TAMS 0x0000000084500000, 0x0000000084500000| Untracked 
|  42|0x0000000084600000, 0x0000000084600000, 0x0000000084700000|  0%| F|  |TAMS 0x0000000084600000, 0x0000000084600000| Untracked 
|  43|0x0000000084700000, 0x0000000084700000, 0x0000000084800000|  0%| F|  |TAMS 0x0000000084700000, 0x0000000084700000| Untracked 
|  44|0x0000000084800000, 0x0000000084800000, 0x0000000084900000|  0%| F|  |TAMS 0x0000000084800000, 0x0000000084800000| Untracked 
|  45|0x0000000084900000, 0x0000000084900000, 0x0000000084a00000|  0%| F|  |TAMS 0x0000000084900000, 0x0000000084900000| Untracked 
|  46|0x0000000084a00000, 0x0000000084a00000, 0x0000000084b00000|  0%| F|  |TAMS 0x0000000084a00000, 0x0000000084a00000| Untracked 
|  47|0x0000000084b00000, 0x0000000084b00000, 0x0000000084c00000|  0%| F|  |TAMS 0x0000000084b00000, 0x0000000084b00000| Untracked 
|  48|0x0000000084c00000, 0x0000000084c00000, 0x0000000084d00000|  0%| F|  |TAMS 0x0000000084c00000, 0x0000000084c00000| Untracked 
|  49|0x0000000084d00000, 0x0000000084d00000, 0x0000000084e00000|  0%| F|  |TAMS 0x0000000084d00000, 0x0000000084d00000| Untracked 
|  50|0x0000000084e00000, 0x0000000084e00000, 0x0000000084f00000|  0%| F|  |TAMS 0x0000000084e00000, 0x0000000084e00000| Untracked 
|  51|0x0000000084f00000, 0x0000000084f00000, 0x0000000085000000|  0%| F|  |TAMS 0x0000000084f00000, 0x0000000084f00000| Untracked 
|  52|0x0000000085000000, 0x0000000085000000, 0x0000000085100000|  0%| F|  |TAMS 0x0000000085000000, 0x0000000085000000| Untracked 
|  53|0x0000000085100000, 0x0000000085100000, 0x0000000085200000|  0%| F|  |TAMS 0x0000000085100000, 0x0000000085100000| Untracked 
|  54|0x0000000085200000, 0x0000000085200000, 0x0000000085300000|  0%| F|  |TAMS 0x0000000085200000, 0x0000000085200000| Untracked 
|  55|0x0000000085300000, 0x0000000085300000, 0x0000000085400000|  0%| F|  |TAMS 0x0000000085300000, 0x0000000085300000| Untracked 
|  56|0x0000000085400000, 0x0000000085400000, 0x0000000085500000|  0%| F|  |TAMS 0x0000000085400000, 0x0000000085400000| Untracked 
|  57|0x0000000085500000, 0x0000000085500000, 0x0000000085600000|  0%| F|  |TAMS 0x0000000085500000, 0x0000000085500000| Untracked 
|  58|0x0000000085600000, 0x0000000085600000, 0x0000000085700000|  0%| F|  |TAMS 0x0000000085600000, 0x0000000085600000| Untracked 
|  59|0x0000000085700000, 0x0000000085700000, 0x0000000085800000|  0%| F|  |TAMS 0x0000000085700000, 0x0000000085700000| Untracked 
|  60|0x0000000085800000, 0x0000000085800000, 0x0000000085900000|  0%| F|  |TAMS 0x0000000085800000, 0x0000000085800000| Untracked 
|  61|0x0000000085900000, 0x0000000085900000, 0x0000000085a00000|  0%| F|  |TAMS 0x0000000085900000, 0x0000000085900000| Untracked 
|  62|0x0000000085a00000, 0x0000000085a00000, 0x0000000085b00000|  0%| F|  |TAMS 0x0000000085a00000, 0x0000000085a00000| Untracked 
|  63|0x0000000085b00000, 0x0000000085b00000, 0x0000000085c00000|  0%| F|  |TAMS 0x0000000085b00000, 0x0000000085b00000| Untracked 
|  64|0x0000000085c00000, 0x0000000085c00000, 0x0000000085d00000|  0%| F|  |TAMS 0x0000000085c00000, 0x0000000085c00000| Untracked 
|  65|0x0000000085d00000, 0x0000000085d00000, 0x0000000085e00000|  0%| F|  |TAMS 0x0000000085d00000, 0x0000000085d00000| Untracked 
|  66|0x0000000085e00000, 0x0000000085e00000, 0x0000000085f00000|  0%| F|  |TAMS 0x0000000085e00000, 0x0000000085e00000| Untracked 
|  67|0x0000000085f00000, 0x0000000085f00000, 0x0000000086000000|  0%| F|  |TAMS 0x0000000085f00000, 0x0000000085f00000| Untracked 
|  68|0x0000000086000000, 0x0000000086000000, 0x0000000086100000|  0%| F|  |TAMS 0x0000000086000000, 0x0000000086000000| Untracked 
|  69|0x0000000086100000, 0x0000000086100000, 0x0000000086200000|  0%| F|  |TAMS 0x0000000086100000, 0x0000000086100000| Untracked 
|  70|0x0000000086200000, 0x0000000086200000, 0x0000000086300000|  0%| F|  |TAMS 0x0000000086200000, 0x0000000086200000| Untracked 
|  71|0x0000000086300000, 0x0000000086300000, 0x0000000086400000|  0%| F|  |TAMS 0x0000000086300000, 0x0000000086300000| Untracked 
|  72|0x0000000086400000, 0x0000000086400000, 0x0000000086500000|  0%| F|  |TAMS 0x0000000086400000, 0x0000000086400000| Untracked 
|  73|0x0000000086500000, 0x0000000086500000, 0x0000000086600000|  0%| F|  |TAMS 0x0000000086500000, 0x0000000086500000| Untracked 
|  74|0x0000000086600000, 0x0000000086600000, 0x0000000086700000|  0%| F|  |TAMS 0x0000000086600000, 0x0000000086600000| Untracked 
|  75|0x0000000086700000, 0x0000000086700000, 0x0000000086800000|  0%| F|  |TAMS 0x0000000086700000, 0x0000000086700000| Untracked 
|  76|0x0000000086800000, 0x0000000086800000, 0x0000000086900000|  0%| F|  |TAMS 0x0000000086800000, 0x0000000086800000| Untracked 
|  77|0x0000000086900000, 0x0000000086900000, 0x0000000086a00000|  0%| F|  |TAMS 0x0000000086900000, 0x0000000086900000| Untracked 
|  78|0x0000000086a00000, 0x0000000086a00000, 0x0000000086b00000|  0%| F|  |TAMS 0x0000000086a00000, 0x0000000086a00000| Untracked 
|  79|0x0000000086b00000, 0x0000000086b00000, 0x0000000086c00000|  0%| F|  |TAMS 0x0000000086b00000, 0x0000000086b00000| Untracked 
|  80|0x0000000086c00000, 0x0000000086c00000, 0x0000000086d00000|  0%| F|  |TAMS 0x0000000086c00000, 0x0000000086c00000| Untracked 
|  81|0x0000000086d00000, 0x0000000086d00000, 0x0000000086e00000|  0%| F|  |TAMS 0x0000000086d00000, 0x0000000086d00000| Untracked 
|  82|0x0000000086e00000, 0x0000000086e00000, 0x0000000086f00000|  0%| F|  |TAMS 0x0000000086e00000, 0x0000000086e00000| Untracked 
|  83|0x0000000086f00000, 0x0000000086f00000, 0x0000000087000000|  0%| F|  |TAMS 0x0000000086f00000, 0x0000000086f00000| Untracked 
|  84|0x0000000087000000, 0x0000000087000000, 0x0000000087100000|  0%| F|  |TAMS 0x0000000087000000, 0x0000000087000000| Untracked 
|  85|0x0000000087100000, 0x0000000087100000, 0x0000000087200000|  0%| F|  |TAMS 0x0000000087100000, 0x0000000087100000| Untracked 
|  86|0x0000000087200000, 0x0000000087200000, 0x0000000087300000|  0%| F|  |TAMS 0x0000000087200000, 0x0000000087200000| Untracked 
|  87|0x0000000087300000, 0x0000000087300000, 0x0000000087400000|  0%| F|  |TAMS 0x0000000087300000, 0x0000000087300000| Untracked 
|  88|0x0000000087400000, 0x0000000087400000, 0x0000000087500000|  0%| F|  |TAMS 0x0000000087400000, 0x0000000087400000| Untracked 
|  89|0x0000000087500000, 0x0000000087500000, 0x0000000087600000|  0%| F|  |TAMS 0x0000000087500000, 0x0000000087500000| Untracked 
|  90|0x0000000087600000, 0x0000000087600000, 0x0000000087700000|  0%| F|  |TAMS 0x0000000087600000, 0x0000000087600000| Untracked 
|  91|0x0000000087700000, 0x0000000087700000, 0x0000000087800000|  0%| F|  |TAMS 0x0000000087700000, 0x0000000087700000| Untracked 
|  92|0x0000000087800000, 0x0000000087800000, 0x0000000087900000|  0%| F|  |TAMS 0x0000000087800000, 0x0000000087800000| Untracked 
|  93|0x0000000087900000, 0x0000000087900000, 0x0000000087a00000|  0%| F|  |TAMS 0x0000000087900000, 0x0000000087900000| Untracked 
|  94|0x0000000087a00000, 0x0000000087a00000, 0x0000000087b00000|  0%| F|  |TAMS 0x0000000087a00000, 0x0000000087a00000| Untracked 
|  95|0x0000000087b00000, 0x0000000087b00000, 0x0000000087c00000|  0%| F|  |TAMS 0x0000000087b00000, 0x0000000087b00000| Untracked 
|  96|0x0000000087c00000, 0x0000000087c00000, 0x0000000087d00000|  0%| F|  |TAMS 0x0000000087c00000, 0x0000000087c00000| Untracked 
|  97|0x0000000087d00000, 0x0000000087d00000, 0x0000000087e00000|  0%| F|  |TAMS 0x0000000087d00000, 0x0000000087d00000| Untracked 
|  98|0x0000000087e00000, 0x0000000087e00000, 0x0000000087f00000|  0%| F|  |TAMS 0x0000000087e00000, 0x0000000087e00000| Untracked 
|  99|0x0000000087f00000, 0x0000000087f00000, 0x0000000088000000|  0%| F|  |TAMS 0x0000000087f00000, 0x0000000087f00000| Untracked 
| 100|0x0000000088000000, 0x0000000088000000, 0x0000000088100000|  0%| F|  |TAMS 0x0000000088000000, 0x0000000088000000| Untracked 
| 101|0x0000000088100000, 0x0000000088100000, 0x0000000088200000|  0%| F|  |TAMS 0x0000000088100000, 0x0000000088100000| Untracked 
| 102|0x0000000088200000, 0x0000000088200000, 0x0000000088300000|  0%| F|  |TAMS 0x0000000088200000, 0x0000000088200000| Untracked 
| 103|0x0000000088300000, 0x0000000088300000, 0x0000000088400000|  0%| F|  |TAMS 0x0000000088300000, 0x0000000088300000| Untracked 
| 104|0x0000000088400000, 0x0000000088400000, 0x0000000088500000|  0%| F|  |TAMS 0x0000000088400000, 0x0000000088400000| Untracked 
| 105|0x0000000088500000, 0x0000000088500000, 0x0000000088600000|  0%| F|  |TAMS 0x0000000088500000, 0x0000000088500000| Untracked 
| 106|0x0000000088600000, 0x0000000088600000, 0x0000000088700000|  0%| F|  |TAMS 0x0000000088600000, 0x0000000088600000| Untracked 
| 107|0x0000000088700000, 0x0000000088700000, 0x0000000088800000|  0%| F|  |TAMS 0x0000000088700000, 0x0000000088700000| Untracked 
| 108|0x0000000088800000, 0x0000000088800000, 0x0000000088900000|  0%| F|  |TAMS 0x0000000088800000, 0x0000000088800000| Untracked 
| 109|0x0000000088900000, 0x00000000889d56f0, 0x0000000088a00000| 83%| E|  |TAMS 0x0000000088900000, 0x0000000088900000| Complete 
| 110|0x0000000088a00000, 0x0000000088b00000, 0x0000000088b00000|100%| E|CS|TAMS 0x0000000088a00000, 0x0000000088a00000| Complete 
| 111|0x0000000088b00000, 0x0000000088c00000, 0x0000000088c00000|100%| E|CS|TAMS 0x0000000088b00000, 0x0000000088b00000| Complete 
| 112|0x0000000088c00000, 0x0000000088d00000, 0x0000000088d00000|100%| E|CS|TAMS 0x0000000088c00000, 0x0000000088c00000| Complete 
| 113|0x0000000088d00000, 0x0000000088e00000, 0x0000000088e00000|100%| E|CS|TAMS 0x0000000088d00000, 0x0000000088d00000| Complete 
| 114|0x0000000088e00000, 0x0000000088f00000, 0x0000000088f00000|100%| E|CS|TAMS 0x0000000088e00000, 0x0000000088e00000| Complete 
| 115|0x0000000088f00000, 0x0000000089000000, 0x0000000089000000|100%| E|CS|TAMS 0x0000000088f00000, 0x0000000088f00000| Complete 
| 116|0x0000000089000000, 0x0000000089100000, 0x0000000089100000|100%| E|CS|TAMS 0x0000000089000000, 0x0000000089000000| Complete 
| 117|0x0000000089100000, 0x0000000089200000, 0x0000000089200000|100%| E|CS|TAMS 0x0000000089100000, 0x0000000089100000| Complete 
| 118|0x0000000089200000, 0x00000000892f5140, 0x0000000089300000| 95%| S|CS|TAMS 0x0000000089200000, 0x0000000089200000| Complete 
| 119|0x0000000089300000, 0x0000000089400000, 0x0000000089400000|100%| E|CS|TAMS 0x0000000089300000, 0x0000000089300000| Complete 
| 120|0x0000000089400000, 0x0000000089500000, 0x0000000089500000|100%| E|CS|TAMS 0x0000000089400000, 0x0000000089400000| Complete 
| 121|0x0000000089500000, 0x0000000089600000, 0x0000000089600000|100%| E|CS|TAMS 0x0000000089500000, 0x0000000089500000| Complete 
| 122|0x0000000089600000, 0x0000000089700000, 0x0000000089700000|100%| E|CS|TAMS 0x0000000089600000, 0x0000000089600000| Complete 
| 123|0x0000000089700000, 0x0000000089800000, 0x0000000089800000|100%| E|CS|TAMS 0x0000000089700000, 0x0000000089700000| Complete 
| 124|0x0000000089800000, 0x0000000089900000, 0x0000000089900000|100%| E|CS|TAMS 0x0000000089800000, 0x0000000089800000| Complete 
| 125|0x0000000089900000, 0x0000000089a00000, 0x0000000089a00000|100%| E|CS|TAMS 0x0000000089900000, 0x0000000089900000| Complete 
| 126|0x0000000089a00000, 0x0000000089b00000, 0x0000000089b00000|100%| E|CS|TAMS 0x0000000089a00000, 0x0000000089a00000| Complete 
| 127|0x0000000089b00000, 0x0000000089c00000, 0x0000000089c00000|100%| E|CS|TAMS 0x0000000089b00000, 0x0000000089b00000| Complete 

Card table byte_map: [0x00000275cee60000,0x00000275cf260000] _byte_map_base: 0x00000275cea52000

Marking Bits (Prev, Next): (CMBitMap*) 0x00000275bc404d80, (CMBitMap*) 0x00000275bc404dc0
 Prev Bits: [0x00000275cf660000, 0x00000275d15f0000)
 Next Bits: [0x00000275d15f0000, 0x00000275d3580000)

Polling page: 0x00000275bbb60000

Metaspace:

Usage:
  Non-class:     17.09 MB used.
      Class:      1.97 MB used.
       Both:     19.06 MB used.

Virtual space:
  Non-class space:       64.00 MB reserved,      17.25 MB ( 27%) committed,  1 nodes.
      Class space:        1.00 GB reserved,       2.06 MB ( <1%) committed,  1 nodes.
             Both:        1.06 GB reserved,      19.31 MB (  2%) committed. 

Chunk freelists:
   Non-Class:  14.58 MB
       Class:  13.81 MB
        Both:  28.39 MB

MaxMetaspaceSize: unlimited
CompressedClassSpaceSize: 1.00 GB
Initial GC threshold: 21.00 MB
Current GC threshold: 21.00 MB
CDS: off
MetaspaceReclaimPolicy: balanced
 - commit_granule_bytes: 65536.
 - commit_granule_words: 8192.
 - virtual_space_node_default_size: 8388608.
 - enlarge_chunks_in_place: 1.
 - new_chunks_are_fully_committed: 0.
 - uncommit_free_chunks: 1.
 - use_allocation_guard: 0.
 - handle_deallocations: 1.


Internal statistics:

num_allocs_failed_limit: 0.
num_arena_births: 246.
num_arena_deaths: 0.
num_vsnodes_births: 2.
num_vsnodes_deaths: 0.
num_space_committed: 309.
num_space_uncommitted: 0.
num_chunks_returned_to_freelist: 0.
num_chunks_taken_from_freelist: 579.
num_chunk_merges: 0.
num_chunk_splits: 373.
num_chunks_enlarged: 257.
num_inconsistent_stats: 0.

CodeHeap 'non-profiled nmethods': size=120000Kb used=601Kb max_used=601Kb free=119398Kb
 bounds [0x00000275c7530000, 0x00000275c77a0000, 0x00000275cea60000]
CodeHeap 'profiled nmethods': size=120000Kb used=3081Kb max_used=3081Kb free=116918Kb
 bounds [0x00000275bfa60000, 0x00000275bfd70000, 0x00000275c6f90000]
CodeHeap 'non-nmethods': size=5760Kb used=1195Kb max_used=1238Kb free=4564Kb
 bounds [0x00000275c6f90000, 0x00000275c7200000, 0x00000275c7530000]
 total_blobs=2063 nmethods=1567 adapters=409
 compilation: enabled
              stopped_count=0, restarted_count=0
 full_count=0

Compilation events (20 events):
Event: 2.029 Thread 0x00000275d5b0b580 nmethod 1542 0x00000275bfd4a490 code [0x00000275bfd4a640, 0x00000275bfd4a788]
Event: 2.029 Thread 0x00000275d5b0b580 1545       3       jdk.internal.org.objectweb.asm.ClassWriter::visit (160 bytes)
Event: 2.030 Thread 0x00000275d5b0b580 nmethod 1545 0x00000275bfd4a810 code [0x00000275bfd4aa40, 0x00000275bfd4b278]
Event: 2.030 Thread 0x00000275d5b0b580 1547       3       jdk.internal.org.objectweb.asm.MethodVisitor::visitInsn (16 bytes)
Event: 2.030 Thread 0x00000275d5b0b580 nmethod 1547 0x00000275bfd4b690 code [0x00000275bfd4b840, 0x00000275bfd4ba48]
Event: 2.030 Thread 0x00000275d5b0b580 1543       3       jdk.internal.org.objectweb.asm.ClassVisitor::<init> (88 bytes)
Event: 2.031 Thread 0x00000275d5b0b580 nmethod 1543 0x00000275bfd4bb10 code [0x00000275bfd4bd60, 0x00000275bfd4c628]
Event: 2.031 Thread 0x00000275d5b0b580 1544       3       jdk.internal.org.objectweb.asm.SymbolTable::<init> (41 bytes)
Event: 2.031 Thread 0x00000275d5b0b580 nmethod 1544 0x00000275bfd4c910 code [0x00000275bfd4cae0, 0x00000275bfd4d038]
Event: 2.031 Thread 0x00000275d5b0b580 1546       3       jdk.internal.org.objectweb.asm.SymbolTable::setMajorVersionAndClassName (19 bytes)
Event: 2.031 Thread 0x00000275d5b0b580 nmethod 1546 0x00000275bfd4d190 code [0x00000275bfd4d340, 0x00000275bfd4d548]
Event: 2.032 Thread 0x00000275d5b0b580 1548       3       java.lang.invoke.LambdaFormEditor::bindArgumentType (101 bytes)
Event: 2.032 Thread 0x00000275d5b0b580 nmethod 1548 0x00000275bfd4d690 code [0x00000275bfd4d840, 0x00000275bfd4da68]
Event: 2.032 Thread 0x00000275d5b0b580 1549       3       java.lang.invoke.LambdaFormEditor::bindArgumentForm (269 bytes)
Event: 2.034 Thread 0x00000275d5b0b580 nmethod 1549 0x00000275bfd4db90 code [0x00000275bfd4df40, 0x00000275bfd4f748]
Event: 2.034 Thread 0x00000275d5b0b580 1550       3       java.lang.invoke.LambdaFormEditor$TransformKey::of (49 bytes)
Event: 2.034 Thread 0x00000275d5b0b580 nmethod 1550 0x00000275bfd50190 code [0x00000275bfd50380, 0x00000275bfd509b8]
Event: 2.045 Thread 0x00000275d5b0b580 1552       3       java.lang.invoke.MethodHandles$Lookup$ClassOption::optionsToFlag (40 bytes)
Event: 2.045 Thread 0x00000275d5b0b580 nmethod 1552 0x00000275bfd50c10 code [0x00000275bfd50de0, 0x00000275bfd512a8]
Event: 2.045 Thread 0x00000275d5b0b580 1551       3       java.lang.invoke.MethodHandles$Lookup::makeHiddenClassDefiner (42 bytes)

GC Heap History (4 events):
Event: 0.867 GC heap before
{Heap before GC invocations=0 (full 0):
 garbage-first heap   total 131072K, used 12288K [0x0000000081c00000, 0x0000000100000000)
  region size 1024K, 13 young (13312K), 0 survivors (0K)
 Metaspace       used 9294K, committed 9472K, reserved 1114112K
  class space    used 829K, committed 896K, reserved 1048576K
}
Event: 0.872 GC heap after
{Heap after GC invocations=1 (full 0):
 garbage-first heap   total 131072K, used 6790K [0x0000000081c00000, 0x0000000100000000)
  region size 1024K, 2 young (2048K), 2 survivors (2048K)
 Metaspace       used 9294K, committed 9472K, reserved 1114112K
  class space    used 829K, committed 896K, reserved 1048576K
}
Event: 1.211 GC heap before
{Heap before GC invocations=1 (full 0):
 garbage-first heap   total 131072K, used 14982K [0x0000000081c00000, 0x0000000100000000)
  region size 1024K, 11 young (11264K), 2 survivors (2048K)
 Metaspace       used 14140K, committed 14400K, reserved 1114112K
  class space    used 1397K, committed 1536K, reserved 1048576K
}
Event: 1.214 GC heap after
{Heap after GC invocations=2 (full 0):
 garbage-first heap   total 131072K, used 7580K [0x0000000081c00000, 0x0000000100000000)
  region size 1024K, 1 young (1024K), 1 survivors (1024K)
 Metaspace       used 14140K, committed 14400K, reserved 1114112K
  class space    used 1397K, committed 1536K, reserved 1048576K
}

Dll operation events (6 events):
Event: 0.030 Loaded shared library C:\Users\niting\.p2\pool\plugins\org.eclipse.justj.openjdk.hotspot.jre.full.win32.x86_64_17.0.8.v20230801-1951\jre\bin\java.dll
Event: 0.461 Loaded shared library C:\Users\niting\.p2\pool\plugins\org.eclipse.justj.openjdk.hotspot.jre.full.win32.x86_64_17.0.8.v20230801-1951\jre\bin\net.dll
Event: 0.463 Loaded shared library C:\Users\niting\.p2\pool\plugins\org.eclipse.justj.openjdk.hotspot.jre.full.win32.x86_64_17.0.8.v20230801-1951\jre\bin\nio.dll
Event: 0.475 Loaded shared library C:\Users\niting\.p2\pool\plugins\org.eclipse.justj.openjdk.hotspot.jre.full.win32.x86_64_17.0.8.v20230801-1951\jre\bin\zip.dll
Event: 0.643 Loaded shared library C:\Users\niting\.p2\pool\plugins\org.eclipse.justj.openjdk.hotspot.jre.full.win32.x86_64_17.0.8.v20230801-1951\jre\bin\jimage.dll
Event: 0.767 Loaded shared library C:\Users\niting\.p2\pool\plugins\org.eclipse.justj.openjdk.hotspot.jre.full.win32.x86_64_17.0.8.v20230801-1951\jre\bin\verify.dll

Deoptimization events (20 events):
Event: 1.746 Thread 0x00000275bc3aa930 DEOPT PACKING pc=0x00000275c755585c sp=0x000000c0deefaf90
Event: 1.746 Thread 0x00000275bc3aa930 DEOPT UNPACKING pc=0x00000275c6fe69a3 sp=0x000000c0deefaf20 mode 2
Event: 1.813 Thread 0x00000275bc3aa930 Uncommon trap: trap_request=0xffffffde fr.pc=0x00000275c75b6dbc relative=0x000000000000011c
Event: 1.813 Thread 0x00000275bc3aa930 Uncommon trap: reason=class_check action=maybe_recompile pc=0x00000275c75b6dbc method=jdk.internal.misc.Unsafe.allocateUninitializedArray(Ljava/lang/Class;I)Ljava/lang/Object; @ 51 c2
Event: 1.813 Thread 0x00000275bc3aa930 DEOPT PACKING pc=0x00000275c75b6dbc sp=0x000000c0deefb080
Event: 1.813 Thread 0x00000275bc3aa930 DEOPT UNPACKING pc=0x00000275c6fe69a3 sp=0x000000c0deefb008 mode 2
Event: 1.813 Thread 0x00000275bc3aa930 Uncommon trap: trap_request=0xffffffde fr.pc=0x00000275c75b6dbc relative=0x000000000000011c
Event: 1.813 Thread 0x00000275bc3aa930 Uncommon trap: reason=class_check action=maybe_recompile pc=0x00000275c75b6dbc method=jdk.internal.misc.Unsafe.allocateUninitializedArray(Ljava/lang/Class;I)Ljava/lang/Object; @ 51 c2
Event: 1.813 Thread 0x00000275bc3aa930 DEOPT PACKING pc=0x00000275c75b6dbc sp=0x000000c0deefb120
Event: 1.813 Thread 0x00000275bc3aa930 DEOPT UNPACKING pc=0x00000275c6fe69a3 sp=0x000000c0deefb0a8 mode 2
Event: 1.813 Thread 0x00000275bc3aa930 Uncommon trap: trap_request=0xffffffde fr.pc=0x00000275c75b6dbc relative=0x000000000000011c
Event: 1.813 Thread 0x00000275bc3aa930 Uncommon trap: reason=class_check action=maybe_recompile pc=0x00000275c75b6dbc method=jdk.internal.misc.Unsafe.allocateUninitializedArray(Ljava/lang/Class;I)Ljava/lang/Object; @ 51 c2
Event: 1.813 Thread 0x00000275bc3aa930 DEOPT PACKING pc=0x00000275c75b6dbc sp=0x000000c0deefaf30
Event: 1.813 Thread 0x00000275bc3aa930 DEOPT UNPACKING pc=0x00000275c6fe69a3 sp=0x000000c0deefaeb8 mode 2
Event: 1.813 Thread 0x00000275bc3aa930 Uncommon trap: trap_request=0xffffffde fr.pc=0x00000275c75b6dbc relative=0x000000000000011c
Event: 1.813 Thread 0x00000275bc3aa930 Uncommon trap: reason=class_check action=maybe_recompile pc=0x00000275c75b6dbc method=jdk.internal.misc.Unsafe.allocateUninitializedArray(Ljava/lang/Class;I)Ljava/lang/Object; @ 51 c2
Event: 1.813 Thread 0x00000275bc3aa930 DEOPT PACKING pc=0x00000275c75b6dbc sp=0x000000c0deefaf30
Event: 1.813 Thread 0x00000275bc3aa930 DEOPT UNPACKING pc=0x00000275c6fe69a3 sp=0x000000c0deefaeb8 mode 2
Event: 1.957 Thread 0x00000275bc3aa930 DEOPT PACKING pc=0x00000275bfbe6008 sp=0x000000c0deefba70
Event: 1.957 Thread 0x00000275bc3aa930 DEOPT UNPACKING pc=0x00000275c6fe7143 sp=0x000000c0deefaf78 mode 0

Classes unloaded (0 events):
No events

Classes redefined (0 events):
No events

Internal exceptions (20 events):
Event: 1.168 Thread 0x00000275bc3aa930 Exception <a 'java/lang/NoSuchMethodError'{0x00000000894a3170}: 'java.lang.Object java.lang.invoke.DirectMethodHandle$Holder.invokeSpecial(java.lang.Object, java.lang.Object, java.lang.Object, java.lang.Object, java.lang.Object, java.lang.Object, java.lang.Object, java.lang.Object, java.lang.Object, java.lang.Object)'> (0x00000000894a3170) 
thrown [s\src\hotspot\share\interpreter\linkResolver.cpp, line 759]
Event: 1.169 Thread 0x00000275bc3aa930 Exception <a 'java/lang/NoSuchMethodError'{0x00000000894adef0}: 'java.lang.Object java.lang.invoke.DirectMethodHandle$Holder.newInvokeSpecial(java.lang.Object, java.lang.Object, java.lang.Object, java.lang.Object, java.lang.Object, java.lang.Object, java.lang.Object, java.lang.Object, java.lang.Object)'> (0x00000000894adef0) 
thrown [s\src\hotspot\share\interpreter\linkResolver.cpp, line 759]
Event: 1.169 Thread 0x00000275bc3aa930 Exception <a 'java/lang/NoSuchMethodError'{0x00000000894b3240}: 'java.lang.Object java.lang.invoke.Invokers$Holder.linkToTargetMethod(java.lang.Object, java.lang.Object, java.lang.Object, java.lang.Object, java.lang.Object, java.lang.Object, java.lang.Object, java.lang.Object, java.lang.Object)'> (0x00000000894b3240) 
thrown [s\src\hotspot\share\interpreter\linkResolver.cpp, line 759]
Event: 1.174 Thread 0x00000275bc3aa930 Exception <a 'java/lang/NoSuchMethodError'{0x00000000894df3e8}: 'java.lang.Object java.lang.invoke.DirectMethodHandle$Holder.newInvokeSpecial(java.lang.Object, java.lang.Object, java.lang.Object, java.lang.Object, java.lang.Object, java.lang.Object, java.lang.Object)'> (0x00000000894df3e8) 
thrown [s\src\hotspot\share\interpreter\linkResolver.cpp, line 759]
Event: 1.174 Thread 0x00000275bc3aa930 Exception <a 'java/lang/NoSuchMethodError'{0x00000000894e4050}: 'java.lang.Object java.lang.invoke.Invokers$Holder.linkToTargetMethod(java.lang.Object, java.lang.Object, java.lang.Object, java.lang.Object, java.lang.Object, java.lang.Object, java.lang.Object)'> (0x00000000894e4050) 
thrown [s\src\hotspot\share\interpreter\linkResolver.cpp, line 759]
Event: 1.185 Thread 0x00000275bc3aa930 Exception <a 'java/lang/NoSuchMethodError'{0x0000000089337608}: 'java.lang.Object java.lang.invoke.DirectMethodHandle$Holder.newInvokeSpecial(java.lang.Object, java.lang.Object, java.lang.Object, java.lang.Object, java.lang.Object)'> (0x0000000089337608) 
thrown [s\src\hotspot\share\interpreter\linkResolver.cpp, line 759]
Event: 1.192 Thread 0x00000275bc3aa930 Exception <a 'java/lang/NoSuchMethodError'{0x0000000089367818}: 'int java.lang.invoke.DirectMethodHandle$Holder.invokeSpecial(java.lang.Object, java.lang.Object, java.lang.Object)'> (0x0000000089367818) 
thrown [s\src\hotspot\share\interpreter\linkResolver.cpp, line 759]
Event: 1.202 Thread 0x00000275bc3aa930 Exception <a 'java/lang/IncompatibleClassChangeError'{0x00000000893bb018}: Found class java.lang.Object, but interface was expected> (0x00000000893bb018) 
thrown [s\src\hotspot\share\interpreter\linkResolver.cpp, line 826]
Event: 1.218 Thread 0x00000275bc3aa930 Exception <a 'java/lang/NoSuchMethodError'{0x0000000089b26f90}: 'java.lang.Object java.lang.invoke.Invokers$Holder.linkToTargetMethod(java.lang.Object, long, java.lang.Object)'> (0x0000000089b26f90) 
thrown [s\src\hotspot\share\interpreter\linkResolver.cpp, line 759]
Event: 1.224 Thread 0x00000275bc3aa930 Exception <a 'java/lang/NoSuchMethodError'{0x0000000089b65a10}: 'java.lang.Object java.lang.invoke.DirectMethodHandle$Holder.invokeStatic(java.lang.Object, java.lang.Object, java.lang.Object, int, java.lang.Object, java.lang.Object)'> (0x0000000089b65a10) 
thrown [s\src\hotspot\share\interpreter\linkResolver.cpp, line 759]
Event: 1.224 Thread 0x00000275bc3aa930 Exception <a 'java/lang/NoSuchMethodError'{0x0000000089b6de00}: 'java.lang.Object java.lang.invoke.DirectMethodHandle$Holder.newInvokeSpecial(java.lang.Object, java.lang.Object, java.lang.Object, int, java.lang.Object)'> (0x0000000089b6de00) 
thrown [s\src\hotspot\share\interpreter\linkResolver.cpp, line 759]
Event: 1.225 Thread 0x00000275bc3aa930 Exception <a 'java/lang/NoSuchMethodError'{0x0000000089b757d0}: 'java.lang.Object java.lang.invoke.Invokers$Holder.linkToTargetMethod(java.lang.Object, java.lang.Object, int, java.lang.Object, java.lang.Object)'> (0x0000000089b757d0) 
thrown [s\src\hotspot\share\interpreter\linkResolver.cpp, line 759]
Event: 1.242 Thread 0x00000275bc3aa930 Exception <a 'java/lang/NoSuchMethodError'{0x0000000089bfd328}: 'void java.lang.invoke.DirectMethodHandle$Holder.invokeStatic(java.lang.Object, java.lang.Object, java.lang.Object)'> (0x0000000089bfd328) 
thrown [s\src\hotspot\share\interpreter\linkResolver.cpp, line 759]
Event: 1.281 Thread 0x00000275bc3aa930 Exception <a 'java/lang/NoSuchMethodError'{0x000000008997cc78}: 'void java.lang.invoke.DirectMethodHandle$Holder.invokeInterface(java.lang.Object, java.lang.Object)'> (0x000000008997cc78) 
thrown [s\src\hotspot\share\interpreter\linkResolver.cpp, line 759]
Event: 1.315 Thread 0x00000275bc3aa930 Exception <a 'java/lang/IncompatibleClassChangeError'{0x000000008983e868}: Found class java.lang.Object, but interface was expected> (0x000000008983e868) 
thrown [s\src\hotspot\share\interpreter\linkResolver.cpp, line 826]
Event: 1.316 Thread 0x00000275bc3aa930 Exception <a 'java/lang/NoSuchMethodError'{0x00000000898448e0}: 'int java.lang.invoke.DirectMethodHandle$Holder.invokeSpecial(java.lang.Object, java.lang.Object, java.lang.Object, java.lang.Object, java.lang.Object)'> (0x00000000898448e0) 
thrown [s\src\hotspot\share\interpreter\linkResolver.cpp, line 759]
Event: 1.392 Thread 0x00000275bc3aa930 Exception <a 'java/lang/NoSuchMethodError'{0x000000008953ca68}: 'void java.lang.invoke.DirectMethodHandle$Holder.invokeSpecial(java.lang.Object, java.lang.Object, java.lang.Object, java.lang.Object, java.lang.Object)'> (0x000000008953ca68) 
thrown [s\src\hotspot\share\interpreter\linkResolver.cpp, line 759]
Event: 1.761 Thread 0x00000275bc3aa930 Exception <a 'java/lang/NoSuchMethodError'{0x0000000088f65ec8}: 'java.lang.Object java.lang.invoke.DirectMethodHandle$Holder.invokeStaticInit(java.lang.Object, java.lang.Object, java.lang.Object)'> (0x0000000088f65ec8) 
thrown [s\src\hotspot\share\interpreter\linkResolver.cpp, line 759]
Event: 1.770 Thread 0x00000275bc3aa930 Exception <a 'java/lang/NoSuchMethodError'{0x0000000088f71738}: 'java.lang.Object java.lang.invoke.DirectMethodHandle$Holder.invokeStatic(java.lang.Object, java.lang.Object, int, int)'> (0x0000000088f71738) 
thrown [s\src\hotspot\share\interpreter\linkResolver.cpp, line 759]
Event: 1.770 Thread 0x00000275bc3aa930 Exception <a 'java/lang/NoSuchMethodError'{0x0000000088f751b0}: 'java.lang.Object java.lang.invoke.DirectMethodHandle$Holder.invokeStaticInit(java.lang.Object, java.lang.Object, int, int)'> (0x0000000088f751b0) 
thrown [s\src\hotspot\share\interpreter\linkResolver.cpp, line 759]

VM Operations (20 events):
Event: 0.867 Executing VM operation: G1CollectForAllocation
Event: 0.872 Executing VM operation: G1CollectForAllocation done
Event: 0.930 Executing VM operation: HandshakeAllThreads
Event: 0.930 Executing VM operation: HandshakeAllThreads done
Event: 0.939 Executing VM operation: HandshakeAllThreads
Event: 0.939 Executing VM operation: HandshakeAllThreads done
Event: 1.034 Executing VM operation: HandshakeAllThreads
Event: 1.034 Executing VM operation: HandshakeAllThreads done
Event: 1.211 Executing VM operation: G1CollectForAllocation
Event: 1.214 Executing VM operation: G1CollectForAllocation done
Event: 1.318 Executing VM operation: HandshakeAllThreads
Event: 1.318 Executing VM operation: HandshakeAllThreads done
Event: 1.393 Executing VM operation: HandshakeAllThreads
Event: 1.393 Executing VM operation: HandshakeAllThreads done
Event: 1.638 Executing VM operation: HandshakeAllThreads
Event: 1.638 Executing VM operation: HandshakeAllThreads done
Event: 1.702 Executing VM operation: HandshakeAllThreads
Event: 1.702 Executing VM operation: HandshakeAllThreads done
Event: 1.842 Executing VM operation: HandshakeAllThreads
Event: 1.842 Executing VM operation: HandshakeAllThreads done

Events (20 events):
Event: 1.811 loading class java/time/temporal/WeekFields
Event: 1.811 loading class java/time/temporal/WeekFields done
Event: 1.812 loading class java/time/temporal/WeekFields$ComputedDayOfField
Event: 1.812 loading class java/time/temporal/WeekFields$ComputedDayOfField done
Event: 1.812 loading class java/time/temporal/IsoFields
Event: 1.812 loading class java/time/temporal/IsoFields done
Event: 1.812 loading class java/time/temporal/IsoFields$Field
Event: 1.812 loading class java/time/temporal/IsoFields$Field done
Event: 1.812 loading class java/time/temporal/IsoFields$Field$1
Event: 1.812 loading class java/time/temporal/IsoFields$Field$1 done
Event: 1.812 loading class java/time/temporal/IsoFields$Field$2
Event: 1.812 loading class java/time/temporal/IsoFields$Field$2 done
Event: 1.812 loading class java/time/temporal/IsoFields$Field$3
Event: 1.813 loading class java/time/temporal/IsoFields$Field$3 done
Event: 1.813 loading class java/time/temporal/IsoFields$Field$4
Event: 1.813 loading class java/time/temporal/IsoFields$Field$4 done
Event: 1.813 loading class java/time/temporal/IsoFields$Unit
Event: 1.813 loading class java/time/temporal/IsoFields$Unit done
Event: 1.842 loading class java/security/AccessControlException
Event: 1.842 loading class java/security/AccessControlException done


Dynamic libraries:
0x00007ff6c7d00000 - 0x00007ff6c7d0e000 	C:\Users\niting\.p2\pool\plugins\org.eclipse.justj.openjdk.hotspot.jre.full.win32.x86_64_17.0.8.v20230801-1951\jre\bin\javaw.exe
0x00007ffa62450000 - 0x00007ffa62648000 	C:\Windows\SYSTEM32\ntdll.dll
0x00007ffa621b0000 - 0x00007ffa6226f000 	C:\Windows\System32\KERNEL32.DLL
0x00007ffa5fc90000 - 0x00007ffa5ff86000 	C:\Windows\System32\KERNELBASE.dll
0x00007ffa602a0000 - 0x00007ffa603a0000 	C:\Windows\System32\ucrtbase.dll
0x00007ffa585b0000 - 0x00007ffa585c7000 	C:\Users\niting\.p2\pool\plugins\org.eclipse.justj.openjdk.hotspot.jre.full.win32.x86_64_17.0.8.v20230801-1951\jre\bin\jli.dll
0x00007ffa611e0000 - 0x00007ffa6137d000 	C:\Windows\System32\USER32.dll
0x00007ffa603d0000 - 0x00007ffa603f2000 	C:\Windows\System32\win32u.dll
0x00007ffa60dc0000 - 0x00007ffa60dec000 	C:\Windows\System32\GDI32.dll
0x00007ffa60020000 - 0x00007ffa60135000 	C:\Windows\System32\gdi32full.dll
0x00007ffa60140000 - 0x00007ffa601dd000 	C:\Windows\System32\msvcp_win.dll
0x00007ffa56ba0000 - 0x00007ffa56bb9000 	C:\Users\niting\.p2\pool\plugins\org.eclipse.justj.openjdk.hotspot.jre.full.win32.x86_64_17.0.8.v20230801-1951\jre\bin\VCRUNTIME140.dll
0x00007ffa52d30000 - 0x00007ffa52fca000 	C:\Windows\WinSxS\amd64_microsoft.windows.common-controls_6595b64144ccf1df_6.0.19041.1110_none_60b5254171f9507e\COMCTL32.dll
0x00007ffa62110000 - 0x00007ffa621ae000 	C:\Windows\System32\msvcrt.dll
0x00007ffa61520000 - 0x00007ffa61550000 	C:\Windows\System32\IMM32.DLL
0x00007ffa5cde0000 - 0x00007ffa5cdec000 	C:\Users\niting\.p2\pool\plugins\org.eclipse.justj.openjdk.hotspot.jre.full.win32.x86_64_17.0.8.v20230801-1951\jre\bin\vcruntime140_1.dll
0x00007ffa336c0000 - 0x00007ffa33751000 	C:\Users\niting\.p2\pool\plugins\org.eclipse.justj.openjdk.hotspot.jre.full.win32.x86_64_17.0.8.v20230801-1951\jre\bin\msvcp140.dll
0x00007ffa25750000 - 0x00007ffa2639c000 	C:\Users\niting\.p2\pool\plugins\org.eclipse.justj.openjdk.hotspot.jre.full.win32.x86_64_17.0.8.v20230801-1951\jre\bin\server\jvm.dll
0x00007ffa60ed0000 - 0x00007ffa60f7f000 	C:\Windows\System32\ADVAPI32.dll
0x00007ffa61130000 - 0x00007ffa611cc000 	C:\Windows\System32\sechost.dll
0x00007ffa60540000 - 0x00007ffa60666000 	C:\Windows\System32\RPCRT4.dll
0x00007ffa5f990000 - 0x00007ffa5f9db000 	C:\Windows\SYSTEM32\POWRPROF.dll
0x00007ffa52b80000 - 0x00007ffa52b89000 	C:\Windows\SYSTEM32\WSOCK32.dll
0x00007ffa61430000 - 0x00007ffa6149b000 	C:\Windows\System32\WS2_32.dll
0x00007ffa504e0000 - 0x00007ffa50507000 	C:\Windows\SYSTEM32\WINMM.dll
0x00007ffa5a540000 - 0x00007ffa5a54a000 	C:\Windows\SYSTEM32\VERSION.dll
0x00007ffa5f970000 - 0x00007ffa5f982000 	C:\Windows\SYSTEM32\UMPDC.dll
0x00007ffa5e3c0000 - 0x00007ffa5e3d2000 	C:\Windows\SYSTEM32\kernel.appcore.dll
0x00007ffa5cb70000 - 0x00007ffa5cb7a000 	C:\Users\niting\.p2\pool\plugins\org.eclipse.justj.openjdk.hotspot.jre.full.win32.x86_64_17.0.8.v20230801-1951\jre\bin\jimage.dll
0x00007ffa49010000 - 0x00007ffa491f4000 	C:\Windows\SYSTEM32\DBGHELP.DLL
0x00007ffa48b40000 - 0x00007ffa48b74000 	C:\Windows\SYSTEM32\dbgcore.DLL
0x00007ffa5ff90000 - 0x00007ffa60012000 	C:\Windows\System32\bcryptPrimitives.dll
0x00007ffa5c5f0000 - 0x00007ffa5c615000 	C:\Users\niting\.p2\pool\plugins\org.eclipse.justj.openjdk.hotspot.jre.full.win32.x86_64_17.0.8.v20230801-1951\jre\bin\java.dll
0x00007ffa5c5b0000 - 0x00007ffa5c5c8000 	C:\Users\niting\.p2\pool\plugins\org.eclipse.justj.openjdk.hotspot.jre.full.win32.x86_64_17.0.8.v20230801-1951\jre\bin\zip.dll
0x00007ffa61550000 - 0x00007ffa61c94000 	C:\Windows\System32\SHELL32.dll
0x00007ffa5d980000 - 0x00007ffa5e113000 	C:\Windows\SYSTEM32\windows.storage.dll
0x00007ffa60680000 - 0x00007ffa609d4000 	C:\Windows\System32\combase.dll
0x00007ffa5f4a0000 - 0x00007ffa5f4ce000 	C:\Windows\SYSTEM32\Wldp.dll
0x00007ffa60ab0000 - 0x00007ffa60b5d000 	C:\Windows\System32\SHCORE.dll
0x00007ffa60b60000 - 0x00007ffa60bb5000 	C:\Windows\System32\shlwapi.dll
0x00007ffa5fa60000 - 0x00007ffa5fa85000 	C:\Windows\SYSTEM32\profapi.dll
0x00007ffa5ad80000 - 0x00007ffa5ad99000 	C:\Users\niting\.p2\pool\plugins\org.eclipse.justj.openjdk.hotspot.jre.full.win32.x86_64_17.0.8.v20230801-1951\jre\bin\net.dll
0x00007ffa59760000 - 0x00007ffa5986a000 	C:\Windows\SYSTEM32\WINHTTP.dll
0x00007ffa5f200000 - 0x00007ffa5f26a000 	C:\Windows\system32\mswsock.dll
0x00007ffa59630000 - 0x00007ffa59645000 	C:\Users\niting\.p2\pool\plugins\org.eclipse.justj.openjdk.hotspot.jre.full.win32.x86_64_17.0.8.v20230801-1951\jre\bin\nio.dll
0x00007ffa5c6b0000 - 0x00007ffa5c6c0000 	C:\Users\niting\.p2\pool\plugins\org.eclipse.justj.openjdk.hotspot.jre.full.win32.x86_64_17.0.8.v20230801-1951\jre\bin\verify.dll
0x00007ffa5ef30000 - 0x00007ffa5effa000 	C:\Windows\SYSTEM32\DNSAPI.dll
0x00007ffa5eef0000 - 0x00007ffa5ef2b000 	C:\Windows\SYSTEM32\IPHLPAPI.DLL
0x00007ffa60670000 - 0x00007ffa60678000 	C:\Windows\System32\NSI.dll
0x00007ffa59480000 - 0x00007ffa5948a000 	C:\Windows\System32\rasadhlp.dll
0x00007ffa5acb0000 - 0x00007ffa5ad32000 	C:\Windows\System32\fwpuclnt.dll
0x00007ffa603a0000 - 0x00007ffa603c7000 	C:\Windows\System32\bcrypt.dll
0x00007ffa5f3f0000 - 0x00007ffa5f408000 	C:\Windows\SYSTEM32\CRYPTSP.dll
0x00007ffa5eb10000 - 0x00007ffa5eb44000 	C:\Windows\system32\rsaenh.dll
0x00007ffa5f9e0000 - 0x00007ffa5fa0e000 	C:\Windows\SYSTEM32\USERENV.dll
0x00007ffa5f410000 - 0x00007ffa5f41c000 	C:\Windows\SYSTEM32\CRYPTBASE.dll
0x00007ffa5ad60000 - 0x00007ffa5ad77000 	C:\Windows\SYSTEM32\dhcpcsvc6.DLL
0x00007ffa5aa20000 - 0x00007ffa5aa3d000 	C:\Windows\SYSTEM32\dhcpcsvc.DLL

dbghelp: loaded successfully - version: 4.0.5 - missing functions: none
symbol engine: initialized successfully - sym options: 0x614 - pdb path: .;C:\Users\niting\.p2\pool\plugins\org.eclipse.justj.openjdk.hotspot.jre.full.win32.x86_64_17.0.8.v20230801-1951\jre\bin;C:\Windows\SYSTEM32;C:\Windows\WinSxS\amd64_microsoft.windows.common-controls_6595b64144ccf1df_6.0.19041.1110_none_60b5254171f9507e;C:\Users\niting\.p2\pool\plugins\org.eclipse.justj.openjdk.hotspot.jre.full.win32.x86_64_17.0.8.v20230801-1951\jre\bin\server

VM Arguments:
jvm_args: -ea -Dfile.encoding=UTF-8 -XX:+ShowCodeDetailsInExceptionMessages 
java_command: org.testng.remote.RemoteTestNG -serport 65107 -protocol json -d C:\Users\niting\eclipse-workspace\Skochvotings\test-output C:\Users\niting\AppData\Local\Temp\testng-eclipse--1473755382\testng-customsuite.xml
java_class_path (initial): C:\Users\niting\eclipse\java-2023-062\eclipse\configuration\org.eclipse.osgi\514\0\.cp\lib\testng-remote.jar;C:\Users\niting\eclipse-workspace\Skochvotings\target\test-classes;C:\Users\niting\eclipse-workspace\Skochvotings\target\classes;C:\Users\niting\.p2\pool\plugins\org.testng_7.8.0.r202306071539.jar;C:\Users\niting\.p2\pool\plugins\com.beust.jcommander_1.82.0.jar;C:\Users\niting\.p2\pool\plugins\org.apache-extras.beanshell.bsh_2.0.0.b6.jar;C:\Users\niting\.p2\pool\plugins\org.yaml.snakeyaml_1.27.0.v20221112-0806.jar;C:\Users\niting\.p2\pool\plugins\org.webjars.jquery_3.6.1.jar;C:\Users\niting\.m2\repository\org\seleniumhq\selenium\selenium-java\4.4.0\selenium-java-4.4.0.jar;C:\Users\niting\.m2\repository\org\seleniumhq\selenium\selenium-api\4.4.0\selenium-api-4.4.0.jar;C:\Users\niting\.m2\repository\org\seleniumhq\selenium\selenium-chrome-driver\4.4.0\selenium-chrome-driver-4.4.0.jar;C:\Users\niting\.m2\repository\com\google\guava\guava\31.1-jre\guava-31.1-jre.jar;C:\Users\niting\.m2\repository\com\google\guava\failureaccess\1.0.1\failureaccess-1.0.1.jar;C:\Users\niting\.m2\repository\com\google\guava\listenablefuture\9999.0-empty-to-avoid-conflict-with-guava\listenablefuture-9999.0-empty-to-avoid-conflict-with-guava.jar;C:\Users\niting\.m2\repository\com\google\code\findbugs\jsr305\3.0.2\jsr305-3.0.2.jar;C:\Users\niting\.m2\repository\org\checkerframework\checker-qual\3.12.0\checker-qual-3.12.0.jar;C:\Users\niting\.m2\repository\com\google\errorprone\error_prone_annotations\2.11.0\error_prone_annotations-2.11.0.jar;C:\Users\niting\.m2\repository\com\google\j2objc\j2objc-annotations\1.3\j2objc-annotations-1.3.jar;C:\Users\niting\.m2\repository\org\seleniumhq\selenium\selenium-chromium-driver\4.4.0\selenium-chromium-driver-4.4.0.jar;C:\Users\niting\.m2\repository\org\seleniumhq\selenium\selenium-json\4.4.0\selenium-json-4.4.0.jar;C:\Users\niting\.m2\repository\org\seleniumhq\selenium\selenium-devtools-v102\4.4.0\selenium-devtools-v10
Launcher Type: SUN_STANDARD

[Global flags]
     intx CICompilerCount                          = 3                                         {product} {ergonomic}
     uint ConcGCThreads                            = 1                                         {product} {ergonomic}
     uint G1ConcRefinementThreads                  = 4                                         {product} {ergonomic}
   size_t G1HeapRegionSize                         = 1048576                                   {product} {ergonomic}
    uintx GCDrainStackTargetSize                   = 64                                        {product} {ergonomic}
   size_t InitialHeapSize                          = 134217728                                 {product} {ergonomic}
   size_t MarkStackSize                            = 4194304                                   {product} {ergonomic}
   size_t MaxHeapSize                              = 2118123520                                {product} {ergonomic}
   size_t MaxNewSize                               = 1270874112                                {product} {ergonomic}
   size_t MinHeapDeltaBytes                        = 1048576                                   {product} {ergonomic}
   size_t MinHeapSize                              = 8388608                                   {product} {ergonomic}
    uintx NonNMethodCodeHeapSize                   = 5832780                                {pd product} {ergonomic}
    uintx NonProfiledCodeHeapSize                  = 122912730                              {pd product} {ergonomic}
    uintx ProfiledCodeHeapSize                     = 122912730                              {pd product} {ergonomic}
    uintx ReservedCodeCacheSize                    = 251658240                              {pd product} {ergonomic}
     bool SegmentedCodeCache                       = true                                      {product} {ergonomic}
     bool ShowCodeDetailsInExceptionMessages       = true                                   {manageable} {command line}
   size_t SoftMaxHeapSize                          = 2118123520                             {manageable} {ergonomic}
     bool UseCompressedClassPointers               = true                           {product lp64_product} {ergonomic}
     bool UseCompressedOops                        = true                           {product lp64_product} {ergonomic}
     bool UseG1GC                                  = true                                      {product} {ergonomic}
     bool UseLargePagesIndividualAllocation        = false                                  {pd product} {ergonomic}

Logging:
Log output configuration:
 #0: stdout all=warning uptime,level,tags
 #1: stderr all=off uptime,level,tags

Environment Variables:
PATH=C:/Users/niting/.p2/pool/plugins/org.eclipse.justj.openjdk.hotspot.jre.full.win32.x86_64_17.0.8.v20230801-1951/jre/bin/server;C:/Users/niting/.p2/pool/plugins/org.eclipse.justj.openjdk.hotspot.jre.full.win32.x86_64_17.0.8.v20230801-1951/jre/bin;C:\Program Files (x86)\Common Files\Oracle\Java\javapath;C:\Windows\system32;C:\Windows;C:\Windows\System32\Wbem;C:\Windows\System32\WindowsPowerShell\v1.0\;C:\Windows\System32\OpenSSH\;C:\Program Files (x86)\Microsoft SQL Server\Client SDK\ODBC\130\Tools\Binn\;C:\Program Files (x86)\Microsoft SQL Server\140\Tools\Binn\;C:\Program Files (x86)\Microsoft SQL Server\140\DTS\Binn\;C:\Program Files (x86)\Microsoft SQL Server\140\Tools\Binn\ManagementStudio\;C:\Program Files (x86)\Microsoft SQL Server\110\Tools\Binn\;C:\Program Files\Microsoft SQL Server\110\Tools\Binn\;C:\Program Files\Microsoft SQL Server\110\DTS\Binn\;C:\Users\niting\AppData\Local\Microsoft\WindowsApps;;C:\Users\niting\Desktop;
USERNAME=niting
OS=Windows_NT
PROCESSOR_IDENTIFIER=Intel64 Family 6 Model 94 Stepping 3, GenuineIntel
TMP=C:\Users\niting\AppData\Local\Temp
TEMP=C:\Users\niting\AppData\Local\Temp



---------------  S Y S T E M  ---------------

OS:
 Windows 10 , 64 bit Build 19041 (10.0.19041.3155)
OS uptime: 1 days 17:28 hours

CPU: total 4 (initial active 4) (4 cores per cpu, 1 threads per core) family 6 model 94 stepping 3 microcode 0xcc, cx8, cmov, fxsr, mmx, 3dnowpref, sse, sse2, sse3, ssse3, sse4.1, sse4.2, popcnt, lzcnt, tsc, tscinvbit, avx, avx2, aes, erms, clmul, bmi1, bmi2, rtm, adx, fma, vzeroupper, clflush, clflushopt
Processor Information for all 4 processors :
  Max Mhz: 2496, Current Mhz: 2496, Mhz Limit: 2496

Memory: 4k page, system-wide physical 8072M (156M free)
TotalPageFile size 32648M (AvailPageFile size 3M)
current process WorkingSet (physical memory assigned to process): 101M, peak: 101M
current process commit charge ("private bytes"): 235M, peak: 235M

vm_info: OpenJDK 64-Bit Server VM (17.0.8+7) for windows-amd64 JRE (17.0.8+7), built on Jul 18 2023 21:02:32 by "admin" with MS VC++ 16.7 (VS2019)

END.
