#
# There is insufficient memory for the Java Runtime Environment to continue.
# Native memory allocation (mmap) failed to map 65536 bytes for Failed to commit metaspace.
# Possible reasons:
#   The system is out of physical RAM or swap space
#   The process is running with CompressedOops enabled, and the Java Heap may be blocking the growth of the native heap
# Possible solutions:
#   Reduce memory load on the system
#   Increase physical memory or swap space
#   Check if swap backing store is full
#   Decrease Java heap size (-Xmx/-Xms)
#   Decrease number of Java threads
#   Decrease Java thread stack sizes (-Xss)
#   Set larger code cache with -XX:ReservedCodeCacheSize=
#   JVM is running with Unscaled Compressed Oops mode in which the Java heap is
#     placed in the first 4GB address space. The Java Heap base address is the
#     maximum limit for the native heap growth. Please use -XX:HeapBaseMinAddress
#     to set the Java Heap base and to place the Java Heap above 4GB virtual address.
# This output file may be truncated or incomplete.
#
#  Out of Memory Error (virtualSpaceNode.cpp:110), pid=99288, tid=97708
#
# JRE version: OpenJDK Runtime Environment Temurin-17.0.8+7 (17.0.8+7) (build 17.0.8+7)
# Java VM: OpenJDK 64-Bit Server VM Temurin-17.0.8+7 (17.0.8+7, mixed mode, tiered, compressed oops, compressed class ptrs, g1 gc, windows-amd64)
# No core dump will be written. Minidumps are not enabled by default on client versions of Windows
#

---------------  S U M M A R Y ------------

Command Line: -ea -Dfile.encoding=UTF-8 -XX:+ShowCodeDetailsInExceptionMessages org.testng.remote.RemoteTestNG -serport 63009 -protocol json -d C:\Users\niting\eclipse-workspace\Skochvotings\test-output C:\Users\niting\AppData\Local\Temp\testng-eclipse--1679900883\testng-customsuite.xml

Host: Intel(R) Core(TM) i5-6500T CPU @ 2.50GHz, 4 cores, 7G,  Windows 10 , 64 bit Build 19041 (10.0.19041.3155)
Time: Fri Aug 25 03:37:33 2023 India Standard Time elapsed time: 3.808455 seconds (0d 0h 0m 3s)

---------------  T H R E A D  ---------------

Current thread (0x000002078f89e7a0):  JavaThread "main" [_thread_in_vm, id=97708, stack(0x0000002e4e000000,0x0000002e4e100000)]

Stack: [0x0000002e4e000000,0x0000002e4e100000]
Native frames: (J=compiled Java code, j=interpreted, Vv=VM code, C=native code)
V  [jvm.dll+0x678b0a]
V  [jvm.dll+0x835e84]
V  [jvm.dll+0x83762e]
V  [jvm.dll+0x837c93]
V  [jvm.dll+0x24746f]
V  [jvm.dll+0x831f1b]
V  [jvm.dll+0x61d3c6]
V  [jvm.dll+0x1c1aae]
V  [jvm.dll+0x61fd21]
V  [jvm.dll+0x61dd66]
V  [jvm.dll+0x627c47]
V  [jvm.dll+0x1eb90b]
V  [jvm.dll+0x1ebe45]
V  [jvm.dll+0x1ec87f]
V  [jvm.dll+0x1e1d21]
V  [jvm.dll+0x53fba0]
V  [jvm.dll+0x7b1278]
V  [jvm.dll+0x7b1364]
V  [jvm.dll+0x40ecc5]
V  [jvm.dll+0x414e18]
C  [java.dll+0x17ec]

Java frames: (J=compiled Java code, j=interpreted, Vv=VM code)
J 950  java.lang.ClassLoader.defineClass1(Ljava/lang/ClassLoader;Ljava/lang/String;[BIILjava/security/ProtectionDomain;Ljava/lang/String;)Ljava/lang/Class; java.base@17.0.8 (0 bytes) @ 0x000002079cb6b8db [0x000002079cb6b820+0x00000000000000bb]
J 1038 c1 java.lang.ClassLoader.defineClass(Ljava/lang/String;[BIILjava/security/ProtectionDomain;)Ljava/lang/Class; java.base@17.0.8 (43 bytes) @ 0x0000020795228644 [0x0000020795228300+0x0000000000000344]
J 1232 c1 java.security.SecureClassLoader.defineClass(Ljava/lang/String;[BIILjava/security/CodeSource;)Ljava/lang/Class; java.base@17.0.8 (16 bytes) @ 0x000002079527cd0c [0x000002079527cc40+0x00000000000000cc]
J 976 c1 jdk.internal.loader.BuiltinClassLoader.defineClass(Ljava/lang/String;Ljdk/internal/loader/Resource;)Ljava/lang/Class; java.base@17.0.8 (121 bytes) @ 0x000002079520e55c [0x000002079520d680+0x0000000000000edc]
J 938 c1 jdk.internal.loader.BuiltinClassLoader.findClassOnClassPathOrNull(Ljava/lang/String;)Ljava/lang/Class; java.base@17.0.8 (64 bytes) @ 0x00000207951f71fc [0x00000207951f6180+0x000000000000107c]
J 516 c1 jdk.internal.loader.BuiltinClassLoader.loadClassOrNull(Ljava/lang/String;Z)Ljava/lang/Class; java.base@17.0.8 (143 bytes) @ 0x000002079512f384 [0x000002079512e4c0+0x0000000000000ec4]
J 609 c1 jdk.internal.loader.ClassLoaders$AppClassLoader.loadClass(Ljava/lang/String;Z)Ljava/lang/Class; java.base@17.0.8 (40 bytes) @ 0x0000020795161174 [0x0000020795160b60+0x0000000000000614]
J 608 c1 java.lang.ClassLoader.loadClass(Ljava/lang/String;)Ljava/lang/Class; java.base@17.0.8 (7 bytes) @ 0x00000207951607bc [0x00000207951606c0+0x00000000000000fc]
v  ~StubRoutines::call_stub
j  org.apache.poi.hssf.record.HSSFRecordTypes.<clinit>()V+1401
v  ~StubRoutines::call_stub
j  org.apache.poi.hssf.record.RecordFactory.createSingleRecord(Lorg/apache/poi/hssf/record/RecordInputStream;)Lorg/apache/poi/hssf/record/Record;+4
j  org.apache.poi.hssf.record.RecordFactoryInputStream$StreamEncryptionInfo.<init>(Lorg/apache/poi/hssf/record/RecordInputStream;Ljava/util/List;)V+17
j  org.apache.poi.hssf.record.RecordFactoryInputStream.<init>(Ljava/io/InputStream;Z)V+45
j  org.apache.poi.hssf.record.RecordFactory.createRecords(Ljava/io/InputStream;)Ljava/util/List;+17
j  org.apache.poi.hssf.usermodel.HSSFWorkbook.<init>(Lorg/apache/poi/poifs/filesystem/DirectoryNode;Z)V+88
j  org.apache.poi.hssf.usermodel.HSSFWorkbook.<init>(Ljava/io/InputStream;Z)V+13
j  org.apache.poi.hssf.usermodel.HSSFWorkbook.<init>(Ljava/io/InputStream;)V+3
j  Voting.ExcelUpload.votingDone()V+24
v  ~StubRoutines::call_stub
j  jdk.internal.reflect.NativeMethodAccessorImpl.invoke0(Ljava/lang/reflect/Method;Ljava/lang/Object;[Ljava/lang/Object;)Ljava/lang/Object;+0 java.base@17.0.8
j  jdk.internal.reflect.NativeMethodAccessorImpl.invoke(Ljava/lang/Object;[Ljava/lang/Object;)Ljava/lang/Object;+133 java.base@17.0.8
j  jdk.internal.reflect.DelegatingMethodAccessorImpl.invoke(Ljava/lang/Object;[Ljava/lang/Object;)Ljava/lang/Object;+6 java.base@17.0.8
j  java.lang.reflect.Method.invoke(Ljava/lang/Object;[Ljava/lang/Object;)Ljava/lang/Object;+59 java.base@17.0.8
j  org.testng.internal.invokers.MethodInvocationHelper.invokeMethod(Ljava/lang/reflect/Method;Ljava/lang/Object;[Ljava/lang/Object;)Ljava/lang/Object;+198
j  org.testng.internal.invokers.TestInvoker.invokeMethod(Lorg/testng/internal/invokers/TestMethodArguments;Lorg/testng/xml/XmlSuite;Lorg/testng/internal/invokers/ITestInvoker$FailureContext;)Lorg/testng/ITestResult;+1034
j  org.testng.internal.invokers.TestInvoker.invokeTestMethod(Lorg/testng/internal/invokers/TestMethodArguments;Lorg/testng/xml/XmlSuite;Lorg/testng/internal/invokers/ITestInvoker$FailureContext;)Lorg/testng/ITestResult;+16
j  org.testng.internal.invokers.MethodRunner.runInSequence(Lorg/testng/internal/invokers/TestMethodArguments;Lorg/testng/internal/invokers/ITestInvoker;Lorg/testng/ITestContext;Ljava/util/concurrent/atomic/AtomicInteger;Lorg/testng/internal/invokers/ITestInvoker$FailureContext;Ljava/util/Iterator;Z)Ljava/util/List;+127
j  org.testng.internal.invokers.TestInvoker$MethodInvocationAgent.invoke(I)I+384
j  org.testng.internal.invokers.TestInvoker.invokeTestMethods(Lorg/testng/ITestNGMethod;Lorg/testng/internal/ConfigurationGroupMethods;Ljava/lang/Object;Lorg/testng/ITestContext;)Ljava/util/List;+569
j  org.testng.internal.invokers.TestMethodWorker.invokeTestMethods(Lorg/testng/ITestNGMethod;Ljava/lang/Object;)V+14
j  org.testng.internal.invokers.TestMethodWorker.run()V+127
j  org.testng.TestRunner$$Lambda$164+0x000000010018e620.accept(Ljava/lang/Object;)V+7
j  java.util.ArrayList.forEach(Ljava/util/function/Consumer;)V+46 java.base@17.0.8
j  org.testng.TestRunner.privateRun(Lorg/testng/xml/XmlTest;)V+412
j  org.testng.TestRunner.run()V+25
j  org.testng.SuiteRunner.runTest(Lorg/testng/TestRunner;)V+21
j  org.testng.SuiteRunner.runSequentially()V+31
j  org.testng.SuiteRunner.privateRun()V+340
j  org.testng.SuiteRunner.run()V+6
j  org.testng.SuiteRunnerWorker.runSuite(Lorg/testng/internal/invokers/SuiteRunnerMap;Lorg/testng/xml/XmlSuite;)V+56
j  org.testng.SuiteRunnerWorker.run()V+12
j  org.testng.TestNG.runSuitesSequentially(Lorg/testng/xml/XmlSuite;Lorg/testng/internal/invokers/SuiteRunnerMap;ILjava/lang/String;)V+66
j  org.testng.TestNG.runSuitesLocally()Ljava/util/List;+156
j  org.testng.TestNG.runSuites()Ljava/util/List;+1
j  org.testng.TestNG.run()V+25
j  org.testng.remote.AbstractRemoteTestNG.run()V+149
j  org.testng.remote.RemoteTestNG.initAndRun(Lorg/testng/remote/IRemoteTestNG;[Ljava/lang/String;Lorg/testng/CommandLineArgs;Lorg/testng/remote/RemoteArgs;)V+169
j  org.testng.remote.RemoteTestNG.main([Ljava/lang/String;)V+188
v  ~StubRoutines::call_stub

---------------  P R O C E S S  ---------------

Threads class SMR info:
_java_thread_list=0x00000207abd43060, length=13, elements={
0x000002078f89e7a0, 0x00000207ab0b33e0, 0x00000207ab07b3a0, 0x00000207ab09d290,
0x00000207ab09de50, 0x00000207ab0c6fa0, 0x00000207ab0cca10, 0x00000207ab0cdea0,
0x00000207ab137ad0, 0x00000207ab138790, 0x00000207ab2450f0, 0x00000207ab259570,
0x00000207abd9e080
}

Java Threads: ( => current thread )
=>0x000002078f89e7a0 JavaThread "main" [_thread_in_vm, id=97708, stack(0x0000002e4e000000,0x0000002e4e100000)]
  0x00000207ab0b33e0 JavaThread "Reference Handler" daemon [_thread_blocked, id=95812, stack(0x0000002e4e700000,0x0000002e4e800000)]
  0x00000207ab07b3a0 JavaThread "Finalizer" daemon [_thread_blocked, id=64908, stack(0x0000002e4e800000,0x0000002e4e900000)]
  0x00000207ab09d290 JavaThread "Signal Dispatcher" daemon [_thread_blocked, id=63708, stack(0x0000002e4e900000,0x0000002e4ea00000)]
  0x00000207ab09de50 JavaThread "Attach Listener" daemon [_thread_blocked, id=74448, stack(0x0000002e4ea00000,0x0000002e4eb00000)]
  0x00000207ab0c6fa0 JavaThread "Service Thread" daemon [_thread_blocked, id=99356, stack(0x0000002e4eb00000,0x0000002e4ec00000)]
  0x00000207ab0cca10 JavaThread "Monitor Deflation Thread" daemon [_thread_blocked, id=92468, stack(0x0000002e4ec00000,0x0000002e4ed00000)]
  0x00000207ab0cdea0 JavaThread "C2 CompilerThread0" daemon [_thread_blocked, id=18840, stack(0x0000002e4ed00000,0x0000002e4ee00000)]
  0x00000207ab137ad0 JavaThread "C1 CompilerThread0" daemon [_thread_blocked, id=95536, stack(0x0000002e4ee00000,0x0000002e4ef00000)]
  0x00000207ab138790 JavaThread "Sweeper thread" daemon [_thread_blocked, id=49156, stack(0x0000002e4ef00000,0x0000002e4f000000)]
  0x00000207ab2450f0 JavaThread "Notification Thread" daemon [_thread_blocked, id=93892, stack(0x0000002e4f000000,0x0000002e4f100000)]
  0x00000207ab259570 JavaThread "Common-Cleaner" daemon [_thread_blocked, id=98624, stack(0x0000002e4f200000,0x0000002e4f300000)]
  0x00000207abd9e080 JavaThread "ReaderThread" [_thread_in_native, id=95876, stack(0x0000002e4f800000,0x0000002e4f900000)]

Other Threads:
  0x00000207ab076b00 VMThread "VM Thread" [stack: 0x0000002e4e600000,0x0000002e4e700000] [id=93732]
  0x00000207ab2499f0 WatcherThread [stack: 0x0000002e4f100000,0x0000002e4f200000] [id=75640]
  0x00000207919f4200 GCTaskThread "GC Thread#0" [stack: 0x0000002e4e100000,0x0000002e4e200000] [id=65168]
  0x00000207ab795440 GCTaskThread "GC Thread#1" [stack: 0x0000002e4f500000,0x0000002e4f600000] [id=90252]
  0x00000207ab795700 GCTaskThread "GC Thread#2" [stack: 0x0000002e4f600000,0x0000002e4f700000] [id=97120]
  0x00000207abd55870 GCTaskThread "GC Thread#3" [stack: 0x0000002e4f700000,0x0000002e4f800000] [id=94112]
  0x0000020791a04dd0 ConcurrentGCThread "G1 Main Marker" [stack: 0x0000002e4e200000,0x0000002e4e300000] [id=93108]
  0x0000020791a060c0 ConcurrentGCThread "G1 Conc#0" [stack: 0x0000002e4e300000,0x0000002e4e400000] [id=98936]
  0x0000020791a496d0 ConcurrentGCThread "G1 Refine#0" [stack: 0x0000002e4e400000,0x0000002e4e500000] [id=101808]
  0x00000207aaed2620 ConcurrentGCThread "G1 Service" [stack: 0x0000002e4e500000,0x0000002e4e600000] [id=89744]

Threads with active compile tasks:

VM state: not at safepoint (normal execution)

VM Mutex/Monitor currently owned by a thread:  ([mutex/lock_event])
[0x0000020791997370] Metaspace_lock - owner thread: 0x000002078f89e7a0

Heap address: 0x0000000081c00000, size: 2020 MB, Compressed Oops mode: 32-bit

CDS archive(s) not mapped
Compressed class space mapped at: 0x0000000100000000-0x0000000140000000, reserved size: 1073741824
Narrow klass base: 0x0000000000000000, Narrow klass shift: 3, Narrow klass range: 0x140000000

GC Precious Log:
 CPUs: 4 total, 4 available
 Memory: 8072M
 Large Page Support: Disabled
 NUMA Support: Disabled
 Compressed Oops: Enabled (32-bit)
 Heap Region Size: 1M
 Heap Min Capacity: 8M
 Heap Initial Capacity: 128M
 Heap Max Capacity: 2020M
 Pre-touch: Disabled
 Parallel Workers: 4
 Concurrent Workers: 1
 Concurrent Refinement Workers: 4
 Periodic GC: Disabled

Heap:
 garbage-first heap   total 131072K, used 23740K [0x0000000081c00000, 0x0000000100000000)
  region size 1024K, 18 young (18432K), 1 survivors (1024K)
 Metaspace       used 18936K, committed 19136K, reserved 1114112K
  class space    used 1948K, committed 2048K, reserved 1048576K

Heap Regions: E=young(eden), S=young(survivor), O=old, HS=humongous(starts), HC=humongous(continues), CS=collection set, F=free, OA=open archive, CA=closed archive, TAMS=top-at-mark-start (previous, next)
|   0|0x0000000081c00000, 0x0000000081d00000, 0x0000000081d00000|100%| O|  |TAMS 0x0000000081c00000, 0x0000000081c00000| Untracked 
|   1|0x0000000081d00000, 0x0000000081e00000, 0x0000000081e00000|100%| O|  |TAMS 0x0000000081d00000, 0x0000000081d00000| Untracked 
|   2|0x0000000081e00000, 0x0000000081f00000, 0x0000000081f00000|100%| O|  |TAMS 0x0000000081e00000, 0x0000000081e00000| Untracked 
|   3|0x0000000081f00000, 0x0000000082000000, 0x0000000082000000|100%| O|  |TAMS 0x0000000081f00000, 0x0000000081f00000| Untracked 
|   4|0x0000000082000000, 0x0000000082100000, 0x0000000082100000|100%| O|  |TAMS 0x0000000082000000, 0x0000000082000000| Untracked 
|   5|0x0000000082100000, 0x0000000082200000, 0x0000000082200000|100%| O|  |TAMS 0x0000000082100000, 0x0000000082100000| Untracked 
|   6|0x0000000082200000, 0x0000000082241800, 0x0000000082300000| 25%| O|  |TAMS 0x0000000082200000, 0x0000000082200000| Untracked 
|   7|0x0000000082300000, 0x0000000082300000, 0x0000000082400000|  0%| F|  |TAMS 0x0000000082300000, 0x0000000082300000| Untracked 
|   8|0x0000000082400000, 0x0000000082400000, 0x0000000082500000|  0%| F|  |TAMS 0x0000000082400000, 0x0000000082400000| Untracked 
|   9|0x0000000082500000, 0x0000000082500000, 0x0000000082600000|  0%| F|  |TAMS 0x0000000082500000, 0x0000000082500000| Untracked 
|  10|0x0000000082600000, 0x0000000082600000, 0x0000000082700000|  0%| F|  |TAMS 0x0000000082600000, 0x0000000082600000| Untracked 
|  11|0x0000000082700000, 0x0000000082700000, 0x0000000082800000|  0%| F|  |TAMS 0x0000000082700000, 0x0000000082700000| Untracked 
|  12|0x0000000082800000, 0x0000000082800000, 0x0000000082900000|  0%| F|  |TAMS 0x0000000082800000, 0x0000000082800000| Untracked 
|  13|0x0000000082900000, 0x0000000082900000, 0x0000000082a00000|  0%| F|  |TAMS 0x0000000082900000, 0x0000000082900000| Untracked 
|  14|0x0000000082a00000, 0x0000000082a00000, 0x0000000082b00000|  0%| F|  |TAMS 0x0000000082a00000, 0x0000000082a00000| Untracked 
|  15|0x0000000082b00000, 0x0000000082b00000, 0x0000000082c00000|  0%| F|  |TAMS 0x0000000082b00000, 0x0000000082b00000| Untracked 
|  16|0x0000000082c00000, 0x0000000082c00000, 0x0000000082d00000|  0%| F|  |TAMS 0x0000000082c00000, 0x0000000082c00000| Untracked 
|  17|0x0000000082d00000, 0x0000000082d00000, 0x0000000082e00000|  0%| F|  |TAMS 0x0000000082d00000, 0x0000000082d00000| Untracked 
|  18|0x0000000082e00000, 0x0000000082e00000, 0x0000000082f00000|  0%| F|  |TAMS 0x0000000082e00000, 0x0000000082e00000| Untracked 
|  19|0x0000000082f00000, 0x0000000082f00000, 0x0000000083000000|  0%| F|  |TAMS 0x0000000082f00000, 0x0000000082f00000| Untracked 
|  20|0x0000000083000000, 0x0000000083000000, 0x0000000083100000|  0%| F|  |TAMS 0x0000000083000000, 0x0000000083000000| Untracked 
|  21|0x0000000083100000, 0x0000000083100000, 0x0000000083200000|  0%| F|  |TAMS 0x0000000083100000, 0x0000000083100000| Untracked 
|  22|0x0000000083200000, 0x0000000083200000, 0x0000000083300000|  0%| F|  |TAMS 0x0000000083200000, 0x0000000083200000| Untracked 
|  23|0x0000000083300000, 0x0000000083300000, 0x0000000083400000|  0%| F|  |TAMS 0x0000000083300000, 0x0000000083300000| Untracked 
|  24|0x0000000083400000, 0x0000000083400000, 0x0000000083500000|  0%| F|  |TAMS 0x0000000083400000, 0x0000000083400000| Untracked 
|  25|0x0000000083500000, 0x0000000083500000, 0x0000000083600000|  0%| F|  |TAMS 0x0000000083500000, 0x0000000083500000| Untracked 
|  26|0x0000000083600000, 0x0000000083600000, 0x0000000083700000|  0%| F|  |TAMS 0x0000000083600000, 0x0000000083600000| Untracked 
|  27|0x0000000083700000, 0x0000000083700000, 0x0000000083800000|  0%| F|  |TAMS 0x0000000083700000, 0x0000000083700000| Untracked 
|  28|0x0000000083800000, 0x0000000083800000, 0x0000000083900000|  0%| F|  |TAMS 0x0000000083800000, 0x0000000083800000| Untracked 
|  29|0x0000000083900000, 0x0000000083900000, 0x0000000083a00000|  0%| F|  |TAMS 0x0000000083900000, 0x0000000083900000| Untracked 
|  30|0x0000000083a00000, 0x0000000083a00000, 0x0000000083b00000|  0%| F|  |TAMS 0x0000000083a00000, 0x0000000083a00000| Untracked 
|  31|0x0000000083b00000, 0x0000000083b00000, 0x0000000083c00000|  0%| F|  |TAMS 0x0000000083b00000, 0x0000000083b00000| Untracked 
|  32|0x0000000083c00000, 0x0000000083c00000, 0x0000000083d00000|  0%| F|  |TAMS 0x0000000083c00000, 0x0000000083c00000| Untracked 
|  33|0x0000000083d00000, 0x0000000083d00000, 0x0000000083e00000|  0%| F|  |TAMS 0x0000000083d00000, 0x0000000083d00000| Untracked 
|  34|0x0000000083e00000, 0x0000000083e00000, 0x0000000083f00000|  0%| F|  |TAMS 0x0000000083e00000, 0x0000000083e00000| Untracked 
|  35|0x0000000083f00000, 0x0000000083f00000, 0x0000000084000000|  0%| F|  |TAMS 0x0000000083f00000, 0x0000000083f00000| Untracked 
|  36|0x0000000084000000, 0x0000000084000000, 0x0000000084100000|  0%| F|  |TAMS 0x0000000084000000, 0x0000000084000000| Untracked 
|  37|0x0000000084100000, 0x0000000084100000, 0x0000000084200000|  0%| F|  |TAMS 0x0000000084100000, 0x0000000084100000| Untracked 
|  38|0x0000000084200000, 0x0000000084200000, 0x0000000084300000|  0%| F|  |TAMS 0x0000000084200000, 0x0000000084200000| Untracked 
|  39|0x0000000084300000, 0x0000000084300000, 0x0000000084400000|  0%| F|  |TAMS 0x0000000084300000, 0x0000000084300000| Untracked 
|  40|0x0000000084400000, 0x0000000084400000, 0x0000000084500000|  0%| F|  |TAMS 0x0000000084400000, 0x0000000084400000| Untracked 
|  41|0x0000000084500000, 0x0000000084500000, 0x0000000084600000|  0%| F|  |TAMS 0x0000000084500000, 0x0000000084500000| Untracked 
|  42|0x0000000084600000, 0x0000000084600000, 0x0000000084700000|  0%| F|  |TAMS 0x0000000084600000, 0x0000000084600000| Untracked 
|  43|0x0000000084700000, 0x0000000084700000, 0x0000000084800000|  0%| F|  |TAMS 0x0000000084700000, 0x0000000084700000| Untracked 
|  44|0x0000000084800000, 0x0000000084800000, 0x0000000084900000|  0%| F|  |TAMS 0x0000000084800000, 0x0000000084800000| Untracked 
|  45|0x0000000084900000, 0x0000000084900000, 0x0000000084a00000|  0%| F|  |TAMS 0x0000000084900000, 0x0000000084900000| Untracked 
|  46|0x0000000084a00000, 0x0000000084a00000, 0x0000000084b00000|  0%| F|  |TAMS 0x0000000084a00000, 0x0000000084a00000| Untracked 
|  47|0x0000000084b00000, 0x0000000084b00000, 0x0000000084c00000|  0%| F|  |TAMS 0x0000000084b00000, 0x0000000084b00000| Untracked 
|  48|0x0000000084c00000, 0x0000000084c00000, 0x0000000084d00000|  0%| F|  |TAMS 0x0000000084c00000, 0x0000000084c00000| Untracked 
|  49|0x0000000084d00000, 0x0000000084d00000, 0x0000000084e00000|  0%| F|  |TAMS 0x0000000084d00000, 0x0000000084d00000| Untracked 
|  50|0x0000000084e00000, 0x0000000084e00000, 0x0000000084f00000|  0%| F|  |TAMS 0x0000000084e00000, 0x0000000084e00000| Untracked 
|  51|0x0000000084f00000, 0x0000000084f00000, 0x0000000085000000|  0%| F|  |TAMS 0x0000000084f00000, 0x0000000084f00000| Untracked 
|  52|0x0000000085000000, 0x0000000085000000, 0x0000000085100000|  0%| F|  |TAMS 0x0000000085000000, 0x0000000085000000| Untracked 
|  53|0x0000000085100000, 0x0000000085100000, 0x0000000085200000|  0%| F|  |TAMS 0x0000000085100000, 0x0000000085100000| Untracked 
|  54|0x0000000085200000, 0x0000000085200000, 0x0000000085300000|  0%| F|  |TAMS 0x0000000085200000, 0x0000000085200000| Untracked 
|  55|0x0000000085300000, 0x0000000085300000, 0x0000000085400000|  0%| F|  |TAMS 0x0000000085300000, 0x0000000085300000| Untracked 
|  56|0x0000000085400000, 0x0000000085400000, 0x0000000085500000|  0%| F|  |TAMS 0x0000000085400000, 0x0000000085400000| Untracked 
|  57|0x0000000085500000, 0x0000000085500000, 0x0000000085600000|  0%| F|  |TAMS 0x0000000085500000, 0x0000000085500000| Untracked 
|  58|0x0000000085600000, 0x0000000085600000, 0x0000000085700000|  0%| F|  |TAMS 0x0000000085600000, 0x0000000085600000| Untracked 
|  59|0x0000000085700000, 0x0000000085700000, 0x0000000085800000|  0%| F|  |TAMS 0x0000000085700000, 0x0000000085700000| Untracked 
|  60|0x0000000085800000, 0x0000000085800000, 0x0000000085900000|  0%| F|  |TAMS 0x0000000085800000, 0x0000000085800000| Untracked 
|  61|0x0000000085900000, 0x0000000085900000, 0x0000000085a00000|  0%| F|  |TAMS 0x0000000085900000, 0x0000000085900000| Untracked 
|  62|0x0000000085a00000, 0x0000000085a00000, 0x0000000085b00000|  0%| F|  |TAMS 0x0000000085a00000, 0x0000000085a00000| Untracked 
|  63|0x0000000085b00000, 0x0000000085b00000, 0x0000000085c00000|  0%| F|  |TAMS 0x0000000085b00000, 0x0000000085b00000| Untracked 
|  64|0x0000000085c00000, 0x0000000085c00000, 0x0000000085d00000|  0%| F|  |TAMS 0x0000000085c00000, 0x0000000085c00000| Untracked 
|  65|0x0000000085d00000, 0x0000000085d00000, 0x0000000085e00000|  0%| F|  |TAMS 0x0000000085d00000, 0x0000000085d00000| Untracked 
|  66|0x0000000085e00000, 0x0000000085e00000, 0x0000000085f00000|  0%| F|  |TAMS 0x0000000085e00000, 0x0000000085e00000| Untracked 
|  67|0x0000000085f00000, 0x0000000085f00000, 0x0000000086000000|  0%| F|  |TAMS 0x0000000085f00000, 0x0000000085f00000| Untracked 
|  68|0x0000000086000000, 0x0000000086000000, 0x0000000086100000|  0%| F|  |TAMS 0x0000000086000000, 0x0000000086000000| Untracked 
|  69|0x0000000086100000, 0x0000000086100000, 0x0000000086200000|  0%| F|  |TAMS 0x0000000086100000, 0x0000000086100000| Untracked 
|  70|0x0000000086200000, 0x0000000086200000, 0x0000000086300000|  0%| F|  |TAMS 0x0000000086200000, 0x0000000086200000| Untracked 
|  71|0x0000000086300000, 0x0000000086300000, 0x0000000086400000|  0%| F|  |TAMS 0x0000000086300000, 0x0000000086300000| Untracked 
|  72|0x0000000086400000, 0x0000000086400000, 0x0000000086500000|  0%| F|  |TAMS 0x0000000086400000, 0x0000000086400000| Untracked 
|  73|0x0000000086500000, 0x0000000086500000, 0x0000000086600000|  0%| F|  |TAMS 0x0000000086500000, 0x0000000086500000| Untracked 
|  74|0x0000000086600000, 0x0000000086600000, 0x0000000086700000|  0%| F|  |TAMS 0x0000000086600000, 0x0000000086600000| Untracked 
|  75|0x0000000086700000, 0x0000000086700000, 0x0000000086800000|  0%| F|  |TAMS 0x0000000086700000, 0x0000000086700000| Untracked 
|  76|0x0000000086800000, 0x0000000086800000, 0x0000000086900000|  0%| F|  |TAMS 0x0000000086800000, 0x0000000086800000| Untracked 
|  77|0x0000000086900000, 0x0000000086900000, 0x0000000086a00000|  0%| F|  |TAMS 0x0000000086900000, 0x0000000086900000| Untracked 
|  78|0x0000000086a00000, 0x0000000086a00000, 0x0000000086b00000|  0%| F|  |TAMS 0x0000000086a00000, 0x0000000086a00000| Untracked 
|  79|0x0000000086b00000, 0x0000000086b00000, 0x0000000086c00000|  0%| F|  |TAMS 0x0000000086b00000, 0x0000000086b00000| Untracked 
|  80|0x0000000086c00000, 0x0000000086c00000, 0x0000000086d00000|  0%| F|  |TAMS 0x0000000086c00000, 0x0000000086c00000| Untracked 
|  81|0x0000000086d00000, 0x0000000086d00000, 0x0000000086e00000|  0%| F|  |TAMS 0x0000000086d00000, 0x0000000086d00000| Untracked 
|  82|0x0000000086e00000, 0x0000000086e00000, 0x0000000086f00000|  0%| F|  |TAMS 0x0000000086e00000, 0x0000000086e00000| Untracked 
|  83|0x0000000086f00000, 0x0000000086f00000, 0x0000000087000000|  0%| F|  |TAMS 0x0000000086f00000, 0x0000000086f00000| Untracked 
|  84|0x0000000087000000, 0x0000000087000000, 0x0000000087100000|  0%| F|  |TAMS 0x0000000087000000, 0x0000000087000000| Untracked 
|  85|0x0000000087100000, 0x0000000087100000, 0x0000000087200000|  0%| F|  |TAMS 0x0000000087100000, 0x0000000087100000| Untracked 
|  86|0x0000000087200000, 0x0000000087200000, 0x0000000087300000|  0%| F|  |TAMS 0x0000000087200000, 0x0000000087200000| Untracked 
|  87|0x0000000087300000, 0x0000000087300000, 0x0000000087400000|  0%| F|  |TAMS 0x0000000087300000, 0x0000000087300000| Untracked 
|  88|0x0000000087400000, 0x0000000087400000, 0x0000000087500000|  0%| F|  |TAMS 0x0000000087400000, 0x0000000087400000| Untracked 
|  89|0x0000000087500000, 0x0000000087500000, 0x0000000087600000|  0%| F|  |TAMS 0x0000000087500000, 0x0000000087500000| Untracked 
|  90|0x0000000087600000, 0x0000000087600000, 0x0000000087700000|  0%| F|  |TAMS 0x0000000087600000, 0x0000000087600000| Untracked 
|  91|0x0000000087700000, 0x0000000087700000, 0x0000000087800000|  0%| F|  |TAMS 0x0000000087700000, 0x0000000087700000| Untracked 
|  92|0x0000000087800000, 0x0000000087800000, 0x0000000087900000|  0%| F|  |TAMS 0x0000000087800000, 0x0000000087800000| Untracked 
|  93|0x0000000087900000, 0x0000000087900000, 0x0000000087a00000|  0%| F|  |TAMS 0x0000000087900000, 0x0000000087900000| Untracked 
|  94|0x0000000087a00000, 0x0000000087a00000, 0x0000000087b00000|  0%| F|  |TAMS 0x0000000087a00000, 0x0000000087a00000| Untracked 
|  95|0x0000000087b00000, 0x0000000087b00000, 0x0000000087c00000|  0%| F|  |TAMS 0x0000000087b00000, 0x0000000087b00000| Untracked 
|  96|0x0000000087c00000, 0x0000000087c00000, 0x0000000087d00000|  0%| F|  |TAMS 0x0000000087c00000, 0x0000000087c00000| Untracked 
|  97|0x0000000087d00000, 0x0000000087d00000, 0x0000000087e00000|  0%| F|  |TAMS 0x0000000087d00000, 0x0000000087d00000| Untracked 
|  98|0x0000000087e00000, 0x0000000087e00000, 0x0000000087f00000|  0%| F|  |TAMS 0x0000000087e00000, 0x0000000087e00000| Untracked 
|  99|0x0000000087f00000, 0x0000000087f00000, 0x0000000088000000|  0%| F|  |TAMS 0x0000000087f00000, 0x0000000087f00000| Untracked 
| 100|0x0000000088000000, 0x0000000088000000, 0x0000000088100000|  0%| F|  |TAMS 0x0000000088000000, 0x0000000088000000| Untracked 
| 101|0x0000000088100000, 0x0000000088100000, 0x0000000088200000|  0%| F|  |TAMS 0x0000000088100000, 0x0000000088100000| Untracked 
| 102|0x0000000088200000, 0x0000000088200000, 0x0000000088300000|  0%| F|  |TAMS 0x0000000088200000, 0x0000000088200000| Untracked 
| 103|0x0000000088300000, 0x0000000088300000, 0x0000000088400000|  0%| F|  |TAMS 0x0000000088300000, 0x0000000088300000| Untracked 
| 104|0x0000000088400000, 0x0000000088400000, 0x0000000088500000|  0%| F|  |TAMS 0x0000000088400000, 0x0000000088400000| Untracked 
| 105|0x0000000088500000, 0x0000000088500000, 0x0000000088600000|  0%| F|  |TAMS 0x0000000088500000, 0x0000000088500000| Untracked 
| 106|0x0000000088600000, 0x0000000088600000, 0x0000000088700000|  0%| F|  |TAMS 0x0000000088600000, 0x0000000088600000| Untracked 
| 107|0x0000000088700000, 0x0000000088700000, 0x0000000088800000|  0%| F|  |TAMS 0x0000000088700000, 0x0000000088700000| Untracked 
| 108|0x0000000088800000, 0x0000000088800000, 0x0000000088900000|  0%| F|  |TAMS 0x0000000088800000, 0x0000000088800000| Untracked 
| 109|0x0000000088900000, 0x0000000088900000, 0x0000000088a00000|  0%| F|  |TAMS 0x0000000088900000, 0x0000000088900000| Untracked 
| 110|0x0000000088a00000, 0x0000000088ad4aa8, 0x0000000088b00000| 83%| E|  |TAMS 0x0000000088a00000, 0x0000000088a00000| Complete 
| 111|0x0000000088b00000, 0x0000000088c00000, 0x0000000088c00000|100%| E|CS|TAMS 0x0000000088b00000, 0x0000000088b00000| Complete 
| 112|0x0000000088c00000, 0x0000000088d00000, 0x0000000088d00000|100%| E|CS|TAMS 0x0000000088c00000, 0x0000000088c00000| Complete 
| 113|0x0000000088d00000, 0x0000000088e00000, 0x0000000088e00000|100%| E|CS|TAMS 0x0000000088d00000, 0x0000000088d00000| Complete 
| 114|0x0000000088e00000, 0x0000000088f00000, 0x0000000088f00000|100%| E|CS|TAMS 0x0000000088e00000, 0x0000000088e00000| Complete 
| 115|0x0000000088f00000, 0x0000000089000000, 0x0000000089000000|100%| E|CS|TAMS 0x0000000088f00000, 0x0000000088f00000| Complete 
| 116|0x0000000089000000, 0x0000000089100000, 0x0000000089100000|100%| E|CS|TAMS 0x0000000089000000, 0x0000000089000000| Complete 
| 117|0x0000000089100000, 0x0000000089200000, 0x0000000089200000|100%| E|CS|TAMS 0x0000000089100000, 0x0000000089100000| Complete 
| 118|0x0000000089200000, 0x0000000089300000, 0x0000000089300000|100%| E|CS|TAMS 0x0000000089200000, 0x0000000089200000| Complete 
| 119|0x0000000089300000, 0x00000000893eda30, 0x0000000089400000| 92%| S|CS|TAMS 0x0000000089300000, 0x0000000089300000| Complete 
| 120|0x0000000089400000, 0x0000000089500000, 0x0000000089500000|100%| E|CS|TAMS 0x0000000089400000, 0x0000000089400000| Complete 
| 121|0x0000000089500000, 0x0000000089600000, 0x0000000089600000|100%| E|CS|TAMS 0x0000000089500000, 0x0000000089500000| Complete 
| 122|0x0000000089600000, 0x0000000089700000, 0x0000000089700000|100%| E|CS|TAMS 0x0000000089600000, 0x0000000089600000| Complete 
| 123|0x0000000089700000, 0x0000000089800000, 0x0000000089800000|100%| E|CS|TAMS 0x0000000089700000, 0x0000000089700000| Complete 
| 124|0x0000000089800000, 0x0000000089900000, 0x0000000089900000|100%| E|CS|TAMS 0x0000000089800000, 0x0000000089800000| Complete 
| 125|0x0000000089900000, 0x0000000089a00000, 0x0000000089a00000|100%| E|CS|TAMS 0x0000000089900000, 0x0000000089900000| Complete 
| 126|0x0000000089a00000, 0x0000000089b00000, 0x0000000089b00000|100%| E|CS|TAMS 0x0000000089a00000, 0x0000000089a00000| Complete 
| 127|0x0000000089b00000, 0x0000000089c00000, 0x0000000089c00000|100%| E|CS|TAMS 0x0000000089b00000, 0x0000000089b00000| Complete 

Card table byte_map: [0x00000207a4450000,0x00000207a4850000] _byte_map_base: 0x00000207a4042000

Marking Bits (Prev, Next): (CMBitMap*) 0x00000207919f4820, (CMBitMap*) 0x00000207919f4860
 Prev Bits: [0x00000207a4c50000, 0x00000207a6be0000)
 Next Bits: [0x00000207a6be0000, 0x00000207a8b70000)

Polling page: 0x0000020791150000

Metaspace:

Usage:
  Non-class:     16.59 MB used.
      Class:      1.90 MB used.
       Both:     18.49 MB used.

Virtual space:
  Non-class space:       64.00 MB reserved,      16.69 MB ( 26%) committed,  1 nodes.
      Class space:        1.00 GB reserved,       2.00 MB ( <1%) committed,  1 nodes.
             Both:        1.06 GB reserved,      18.69 MB (  2%) committed. 

Chunk freelists:
   Non-Class:  15.23 MB
       Class:  13.88 MB
        Both:  29.11 MB

MaxMetaspaceSize: unlimited
CompressedClassSpaceSize: 1.00 GB
Initial GC threshold: 21.00 MB
Current GC threshold: 21.00 MB
CDS: off
MetaspaceReclaimPolicy: balanced
 - commit_granule_bytes: 65536.
 - commit_granule_words: 8192.
 - virtual_space_node_default_size: 8388608.
 - enlarge_chunks_in_place: 1.
 - new_chunks_are_fully_committed: 0.
 - uncommit_free_chunks: 1.
 - use_allocation_guard: 0.
 - handle_deallocations: 1.


Internal statistics:

num_allocs_failed_limit: 0.
num_arena_births: 246.
num_arena_deaths: 0.
num_vsnodes_births: 2.
num_vsnodes_deaths: 0.
num_space_committed: 299.
num_space_uncommitted: 0.
num_chunks_returned_to_freelist: 0.
num_chunks_taken_from_freelist: 553.
num_chunk_merges: 0.
num_chunk_splits: 356.
num_chunks_enlarged: 248.
num_inconsistent_stats: 0.

CodeHeap 'non-profiled nmethods': size=120000Kb used=623Kb max_used=623Kb free=119376Kb
 bounds [0x000002079cb20000, 0x000002079cd90000, 0x00000207a4050000]
CodeHeap 'profiled nmethods': size=120000Kb used=2812Kb max_used=2812Kb free=117187Kb
 bounds [0x0000020795050000, 0x0000020795310000, 0x000002079c580000]
CodeHeap 'non-nmethods': size=5760Kb used=1193Kb max_used=1237Kb free=4566Kb
 bounds [0x000002079c580000, 0x000002079c7f0000, 0x000002079cb20000]
 total_blobs=2020 nmethods=1525 adapters=408
 compilation: enabled
              stopped_count=0, restarted_count=0
 full_count=0

Compilation events (20 events):
Event: 3.729 Thread 0x00000207ab137ad0 1519       3       jdk.internal.org.objectweb.asm.MethodVisitor::visitInsn (16 bytes)
Event: 3.729 Thread 0x00000207ab137ad0 nmethod 1519 0x0000020795309910 code [0x0000020795309ac0, 0x0000020795309cc8]
Event: 3.729 Thread 0x00000207ab137ad0 1517       3       java.lang.invoke.MethodHandleNatives::linkCallSiteImpl (44 bytes)
Event: 3.729 Thread 0x00000207ab137ad0 nmethod 1517 0x0000020795309d90 code [0x0000020795309fc0, 0x000002079530a898]
Event: 3.729 Thread 0x00000207ab137ad0 1518   !   3       java.lang.invoke.CallSite::makeSite (91 bytes)
Event: 3.731 Thread 0x00000207ab137ad0 nmethod 1518 0x000002079530ac10 code [0x000002079530af40, 0x000002079530bfd8]
Event: 3.732 Thread 0x00000207ab0cdea0 1520       4       java.lang.String::lastIndexOf (12 bytes)
Event: 3.734 Thread 0x00000207ab137ad0 1521       3       java.lang.reflect.AccessibleObject::checkPermission (16 bytes)
Event: 3.734 Thread 0x00000207ab137ad0 nmethod 1521 0x000002079530cb90 code [0x000002079530cd40, 0x000002079530d028]
Event: 3.736 Thread 0x00000207ab0cdea0 nmethod 1520 0x000002079cbbb590 code [0x000002079cbbb720, 0x000002079cbbb938]
Event: 3.745 Thread 0x00000207ab137ad0 1522       3       java.lang.reflect.Modifier::isAbstract (14 bytes)
Event: 3.746 Thread 0x00000207ab137ad0 nmethod 1522 0x000002079530d110 code [0x000002079530d2a0, 0x000002079530d3f8]
Event: 3.746 Thread 0x00000207ab137ad0 1523       3       java.util.ImmutableCollections$Set12::<init> (53 bytes)
Event: 3.747 Thread 0x00000207ab137ad0 nmethod 1523 0x000002079530d490 code [0x000002079530d740, 0x000002079530e3e8]
Event: 3.748 Thread 0x00000207ab0cdea0 1524       4       jdk.internal.org.objectweb.asm.ByteVector::put12 (64 bytes)
Event: 3.750 Thread 0x00000207ab0cdea0 nmethod 1524 0x000002079cbbba90 code [0x000002079cbbbc20, 0x000002079cbbbde8]
Event: 3.771 Thread 0x00000207ab137ad0 1525       3       java.lang.invoke.InfoFromMemberName::getModifiers (8 bytes)
Event: 3.771 Thread 0x00000207ab137ad0 nmethod 1525 0x000002079530e810 code [0x000002079530e9a0, 0x000002079530eb18]
Event: 3.778 Thread 0x00000207ab137ad0 1526       3       java.lang.invoke.MemberName$Factory::resolveOrNull (54 bytes)
Event: 3.778 Thread 0x00000207ab137ad0 nmethod 1526 0x000002079530ec10 code [0x000002079530edc0, 0x000002079530f088]

GC Heap History (4 events):
Event: 1.925 GC heap before
{Heap before GC invocations=0 (full 0):
 garbage-first heap   total 131072K, used 12288K [0x0000000081c00000, 0x0000000100000000)
  region size 1024K, 13 young (13312K), 0 survivors (0K)
 Metaspace       used 9344K, committed 9536K, reserved 1114112K
  class space    used 829K, committed 896K, reserved 1048576K
}
Event: 1.929 GC heap after
{Heap after GC invocations=1 (full 0):
 garbage-first heap   total 131072K, used 6451K [0x0000000081c00000, 0x0000000100000000)
  region size 1024K, 2 young (2048K), 2 survivors (2048K)
 Metaspace       used 9344K, committed 9536K, reserved 1114112K
  class space    used 829K, committed 896K, reserved 1048576K
}
Event: 2.693 GC heap before
{Heap before GC invocations=1 (full 0):
 garbage-first heap   total 131072K, used 13619K [0x0000000081c00000, 0x0000000100000000)
  region size 1024K, 10 young (10240K), 2 survivors (2048K)
 Metaspace       used 13736K, committed 13952K, reserved 1114112K
  class space    used 1347K, committed 1408K, reserved 1048576K
}
Event: 2.695 GC heap after
{Heap after GC invocations=2 (full 0):
 garbage-first heap   total 131072K, used 7356K [0x0000000081c00000, 0x0000000100000000)
  region size 1024K, 1 young (1024K), 1 survivors (1024K)
 Metaspace       used 13736K, committed 13952K, reserved 1114112K
  class space    used 1347K, committed 1408K, reserved 1048576K
}

Dll operation events (6 events):
Event: 0.028 Loaded shared library C:\Users\niting\.p2\pool\plugins\org.eclipse.justj.openjdk.hotspot.jre.full.win32.x86_64_17.0.8.v20230801-1951\jre\bin\java.dll
Event: 0.826 Loaded shared library C:\Users\niting\.p2\pool\plugins\org.eclipse.justj.openjdk.hotspot.jre.full.win32.x86_64_17.0.8.v20230801-1951\jre\bin\net.dll
Event: 0.828 Loaded shared library C:\Users\niting\.p2\pool\plugins\org.eclipse.justj.openjdk.hotspot.jre.full.win32.x86_64_17.0.8.v20230801-1951\jre\bin\nio.dll
Event: 0.838 Loaded shared library C:\Users\niting\.p2\pool\plugins\org.eclipse.justj.openjdk.hotspot.jre.full.win32.x86_64_17.0.8.v20230801-1951\jre\bin\zip.dll
Event: 0.971 Loaded shared library C:\Users\niting\.p2\pool\plugins\org.eclipse.justj.openjdk.hotspot.jre.full.win32.x86_64_17.0.8.v20230801-1951\jre\bin\jimage.dll
Event: 1.281 Loaded shared library C:\Users\niting\.p2\pool\plugins\org.eclipse.justj.openjdk.hotspot.jre.full.win32.x86_64_17.0.8.v20230801-1951\jre\bin\verify.dll

Deoptimization events (20 events):
Event: 3.402 Thread 0x000002078f89e7a0 Uncommon trap: trap_request=0xffffff45 fr.pc=0x000002079cb3e554 relative=0x0000000000000434
Event: 3.402 Thread 0x000002078f89e7a0 Uncommon trap: reason=unstable_if action=reinterpret pc=0x000002079cb3e554 method=java.lang.AbstractStringBuilder.isLatin1()Z @ 10 c2
Event: 3.402 Thread 0x000002078f89e7a0 DEOPT PACKING pc=0x000002079cb3e554 sp=0x0000002e4e0fb560
Event: 3.402 Thread 0x000002078f89e7a0 DEOPT UNPACKING pc=0x000002079c5d69a3 sp=0x0000002e4e0fb4e0 mode 2
Event: 3.402 Thread 0x000002078f89e7a0 Uncommon trap: trap_request=0xffffffde fr.pc=0x000002079cba62bc relative=0x000000000000011c
Event: 3.402 Thread 0x000002078f89e7a0 Uncommon trap: reason=class_check action=maybe_recompile pc=0x000002079cba62bc method=jdk.internal.misc.Unsafe.allocateUninitializedArray(Ljava/lang/Class;I)Ljava/lang/Object; @ 51 c2
Event: 3.402 Thread 0x000002078f89e7a0 DEOPT PACKING pc=0x000002079cba62bc sp=0x0000002e4e0fa480
Event: 3.402 Thread 0x000002078f89e7a0 DEOPT UNPACKING pc=0x000002079c5d69a3 sp=0x0000002e4e0fa408 mode 2
Event: 3.402 Thread 0x000002078f89e7a0 Uncommon trap: trap_request=0xffffffde fr.pc=0x000002079cba62bc relative=0x000000000000011c
Event: 3.402 Thread 0x000002078f89e7a0 Uncommon trap: reason=class_check action=maybe_recompile pc=0x000002079cba62bc method=jdk.internal.misc.Unsafe.allocateUninitializedArray(Ljava/lang/Class;I)Ljava/lang/Object; @ 51 c2
Event: 3.402 Thread 0x000002078f89e7a0 DEOPT PACKING pc=0x000002079cba62bc sp=0x0000002e4e0fa2a0
Event: 3.402 Thread 0x000002078f89e7a0 DEOPT UNPACKING pc=0x000002079c5d69a3 sp=0x0000002e4e0fa228 mode 2
Event: 3.402 Thread 0x000002078f89e7a0 Uncommon trap: trap_request=0xffffffde fr.pc=0x000002079cba62bc relative=0x000000000000011c
Event: 3.402 Thread 0x000002078f89e7a0 Uncommon trap: reason=class_check action=maybe_recompile pc=0x000002079cba62bc method=jdk.internal.misc.Unsafe.allocateUninitializedArray(Ljava/lang/Class;I)Ljava/lang/Object; @ 51 c2
Event: 3.402 Thread 0x000002078f89e7a0 DEOPT PACKING pc=0x000002079cba62bc sp=0x0000002e4e0fa410
Event: 3.402 Thread 0x000002078f89e7a0 DEOPT UNPACKING pc=0x000002079c5d69a3 sp=0x0000002e4e0fa398 mode 2
Event: 3.402 Thread 0x000002078f89e7a0 Uncommon trap: trap_request=0xffffffde fr.pc=0x000002079cba62bc relative=0x000000000000011c
Event: 3.402 Thread 0x000002078f89e7a0 Uncommon trap: reason=class_check action=maybe_recompile pc=0x000002079cba62bc method=jdk.internal.misc.Unsafe.allocateUninitializedArray(Ljava/lang/Class;I)Ljava/lang/Object; @ 51 c2
Event: 3.402 Thread 0x000002078f89e7a0 DEOPT PACKING pc=0x000002079cba62bc sp=0x0000002e4e0fa370
Event: 3.402 Thread 0x000002078f89e7a0 DEOPT UNPACKING pc=0x000002079c5d69a3 sp=0x0000002e4e0fa2f8 mode 2

Classes unloaded (0 events):
No events

Classes redefined (0 events):
No events

Internal exceptions (20 events):
Event: 2.680 Thread 0x000002078f89e7a0 Exception <a 'java/lang/NoSuchMethodError'{0x00000000894a4950}: 'java.lang.Object java.lang.invoke.DirectMethodHandle$Holder.invokeSpecial(java.lang.Object, java.lang.Object, java.lang.Object, java.lang.Object, java.lang.Object, java.lang.Object, java.lang.Object, java.lang.Object, java.lang.Object, java.lang.Object)'> (0x00000000894a4950) 
thrown [s\src\hotspot\share\interpreter\linkResolver.cpp, line 759]
Event: 2.682 Thread 0x000002078f89e7a0 Exception <a 'java/lang/NoSuchMethodError'{0x00000000894af6d0}: 'java.lang.Object java.lang.invoke.DirectMethodHandle$Holder.newInvokeSpecial(java.lang.Object, java.lang.Object, java.lang.Object, java.lang.Object, java.lang.Object, java.lang.Object, java.lang.Object, java.lang.Object, java.lang.Object)'> (0x00000000894af6d0) 
thrown [s\src\hotspot\share\interpreter\linkResolver.cpp, line 759]
Event: 2.682 Thread 0x000002078f89e7a0 Exception <a 'java/lang/NoSuchMethodError'{0x00000000894b4a20}: 'java.lang.Object java.lang.invoke.Invokers$Holder.linkToTargetMethod(java.lang.Object, java.lang.Object, java.lang.Object, java.lang.Object, java.lang.Object, java.lang.Object, java.lang.Object, java.lang.Object, java.lang.Object)'> (0x00000000894b4a20) 
thrown [s\src\hotspot\share\interpreter\linkResolver.cpp, line 759]
Event: 2.688 Thread 0x000002078f89e7a0 Exception <a 'java/lang/NoSuchMethodError'{0x00000000894e0bc0}: 'java.lang.Object java.lang.invoke.DirectMethodHandle$Holder.newInvokeSpecial(java.lang.Object, java.lang.Object, java.lang.Object, java.lang.Object, java.lang.Object, java.lang.Object, java.lang.Object)'> (0x00000000894e0bc0) 
thrown [s\src\hotspot\share\interpreter\linkResolver.cpp, line 759]
Event: 2.688 Thread 0x000002078f89e7a0 Exception <a 'java/lang/NoSuchMethodError'{0x00000000894e5828}: 'java.lang.Object java.lang.invoke.Invokers$Holder.linkToTargetMethod(java.lang.Object, java.lang.Object, java.lang.Object, java.lang.Object, java.lang.Object, java.lang.Object, java.lang.Object)'> (0x00000000894e5828) 
thrown [s\src\hotspot\share\interpreter\linkResolver.cpp, line 759]
Event: 2.731 Thread 0x000002078f89e7a0 Exception <a 'java/lang/NoSuchMethodError'{0x0000000089b38130}: 'java.lang.Object java.lang.invoke.DirectMethodHandle$Holder.newInvokeSpecial(java.lang.Object, java.lang.Object, java.lang.Object, java.lang.Object, java.lang.Object)'> (0x0000000089b38130) 
thrown [s\src\hotspot\share\interpreter\linkResolver.cpp, line 759]
Event: 2.737 Thread 0x000002078f89e7a0 Exception <a 'java/lang/NoSuchMethodError'{0x0000000089b68378}: 'int java.lang.invoke.DirectMethodHandle$Holder.invokeSpecial(java.lang.Object, java.lang.Object, java.lang.Object)'> (0x0000000089b68378) 
thrown [s\src\hotspot\share\interpreter\linkResolver.cpp, line 759]
Event: 2.750 Thread 0x000002078f89e7a0 Exception <a 'java/lang/IncompatibleClassChangeError'{0x0000000089bbbe68}: Found class java.lang.Object, but interface was expected> (0x0000000089bbbe68) 
thrown [s\src\hotspot\share\interpreter\linkResolver.cpp, line 826]
Event: 2.765 Thread 0x000002078f89e7a0 Exception <a 'java/lang/NoSuchMethodError'{0x0000000089a4ae28}: 'java.lang.Object java.lang.invoke.Invokers$Holder.linkToTargetMethod(java.lang.Object, long, java.lang.Object)'> (0x0000000089a4ae28) 
thrown [s\src\hotspot\share\interpreter\linkResolver.cpp, line 759]
Event: 2.777 Thread 0x000002078f89e7a0 Exception <a 'java/lang/NoSuchMethodError'{0x0000000089a898f0}: 'java.lang.Object java.lang.invoke.DirectMethodHandle$Holder.invokeStatic(java.lang.Object, java.lang.Object, java.lang.Object, int, java.lang.Object, java.lang.Object)'> (0x0000000089a898f0) 
thrown [s\src\hotspot\share\interpreter\linkResolver.cpp, line 759]
Event: 2.778 Thread 0x000002078f89e7a0 Exception <a 'java/lang/NoSuchMethodError'{0x0000000089a91a88}: 'java.lang.Object java.lang.invoke.DirectMethodHandle$Holder.newInvokeSpecial(java.lang.Object, java.lang.Object, java.lang.Object, int, java.lang.Object)'> (0x0000000089a91a88) 
thrown [s\src\hotspot\share\interpreter\linkResolver.cpp, line 759]
Event: 2.779 Thread 0x000002078f89e7a0 Exception <a 'java/lang/NoSuchMethodError'{0x0000000089a99458}: 'java.lang.Object java.lang.invoke.Invokers$Holder.linkToTargetMethod(java.lang.Object, java.lang.Object, int, java.lang.Object, java.lang.Object)'> (0x0000000089a99458) 
thrown [s\src\hotspot\share\interpreter\linkResolver.cpp, line 759]
Event: 2.801 Thread 0x000002078f89e7a0 Exception <a 'java/lang/NoSuchMethodError'{0x0000000089afdfa8}: 'void java.lang.invoke.DirectMethodHandle$Holder.invokeStatic(java.lang.Object, java.lang.Object, java.lang.Object)'> (0x0000000089afdfa8) 
thrown [s\src\hotspot\share\interpreter\linkResolver.cpp, line 759]
Event: 2.883 Thread 0x000002078f89e7a0 Exception <a 'java/lang/NoSuchMethodError'{0x0000000089880630}: 'void java.lang.invoke.DirectMethodHandle$Holder.invokeInterface(java.lang.Object, java.lang.Object)'> (0x0000000089880630) 
thrown [s\src\hotspot\share\interpreter\linkResolver.cpp, line 759]
Event: 2.917 Thread 0x000002078f89e7a0 Exception <a 'java/lang/IncompatibleClassChangeError'{0x0000000089742b28}: Found class java.lang.Object, but interface was expected> (0x0000000089742b28) 
thrown [s\src\hotspot\share\interpreter\linkResolver.cpp, line 826]
Event: 2.917 Thread 0x000002078f89e7a0 Exception <a 'java/lang/NoSuchMethodError'{0x0000000089745b70}: 'int java.lang.invoke.DirectMethodHandle$Holder.invokeSpecial(java.lang.Object, java.lang.Object, java.lang.Object, java.lang.Object, java.lang.Object)'> (0x0000000089745b70) 
thrown [s\src\hotspot\share\interpreter\linkResolver.cpp, line 759]
Event: 3.016 Thread 0x000002078f89e7a0 Exception <a 'java/lang/NoSuchMethodError'{0x000000008943ca00}: 'void java.lang.invoke.DirectMethodHandle$Holder.invokeSpecial(java.lang.Object, java.lang.Object, java.lang.Object, java.lang.Object, java.lang.Object)'> (0x000000008943ca00) 
thrown [s\src\hotspot\share\interpreter\linkResolver.cpp, line 759]
Event: 3.440 Thread 0x000002078f89e7a0 Exception <a 'java/lang/NoSuchMethodError'{0x0000000088e66280}: 'java.lang.Object java.lang.invoke.DirectMethodHandle$Holder.invokeStaticInit(java.lang.Object, java.lang.Object, java.lang.Object)'> (0x0000000088e66280) 
thrown [s\src\hotspot\share\interpreter\linkResolver.cpp, line 759]
Event: 3.441 Thread 0x000002078f89e7a0 Exception <a 'java/lang/NoSuchMethodError'{0x0000000088e71a88}: 'java.lang.Object java.lang.invoke.DirectMethodHandle$Holder.invokeStatic(java.lang.Object, java.lang.Object, int, int)'> (0x0000000088e71a88) 
thrown [s\src\hotspot\share\interpreter\linkResolver.cpp, line 759]
Event: 3.444 Thread 0x000002078f89e7a0 Exception <a 'java/lang/NoSuchMethodError'{0x0000000088e75500}: 'java.lang.Object java.lang.invoke.DirectMethodHandle$Holder.invokeStaticInit(java.lang.Object, java.lang.Object, int, int)'> (0x0000000088e75500) 
thrown [s\src\hotspot\share\interpreter\linkResolver.cpp, line 759]

VM Operations (20 events):
Event: 1.925 Executing VM operation: G1CollectForAllocation
Event: 1.929 Executing VM operation: G1CollectForAllocation done
Event: 2.067 Executing VM operation: HandshakeAllThreads
Event: 2.067 Executing VM operation: HandshakeAllThreads done
Event: 2.078 Executing VM operation: HandshakeAllThreads
Event: 2.078 Executing VM operation: HandshakeAllThreads done
Event: 2.407 Executing VM operation: HandshakeAllThreads
Event: 2.407 Executing VM operation: HandshakeAllThreads done
Event: 2.693 Executing VM operation: G1CollectForAllocation
Event: 2.695 Executing VM operation: G1CollectForAllocation done
Event: 2.920 Executing VM operation: HandshakeAllThreads
Event: 2.920 Executing VM operation: HandshakeAllThreads done
Event: 3.017 Executing VM operation: HandshakeAllThreads
Event: 3.017 Executing VM operation: HandshakeAllThreads done
Event: 3.356 Executing VM operation: HandshakeAllThreads
Event: 3.356 Executing VM operation: HandshakeAllThreads done
Event: 3.379 Executing VM operation: HandshakeAllThreads
Event: 3.379 Executing VM operation: HandshakeAllThreads done
Event: 3.519 Executing VM operation: HandshakeAllThreads
Event: 3.519 Executing VM operation: HandshakeAllThreads done

Events (20 events):
Event: 3.487 loading class java/time/temporal/WeekFields
Event: 3.487 loading class java/time/temporal/WeekFields done
Event: 3.487 loading class java/time/temporal/WeekFields$ComputedDayOfField
Event: 3.488 loading class java/time/temporal/WeekFields$ComputedDayOfField done
Event: 3.488 loading class java/time/temporal/IsoFields
Event: 3.488 loading class java/time/temporal/IsoFields done
Event: 3.488 loading class java/time/temporal/IsoFields$Field
Event: 3.488 loading class java/time/temporal/IsoFields$Field done
Event: 3.488 loading class java/time/temporal/IsoFields$Field$1
Event: 3.488 loading class java/time/temporal/IsoFields$Field$1 done
Event: 3.488 loading class java/time/temporal/IsoFields$Field$2
Event: 3.488 loading class java/time/temporal/IsoFields$Field$2 done
Event: 3.488 loading class java/time/temporal/IsoFields$Field$3
Event: 3.488 loading class java/time/temporal/IsoFields$Field$3 done
Event: 3.498 loading class java/time/temporal/IsoFields$Field$4
Event: 3.499 loading class java/time/temporal/IsoFields$Field$4 done
Event: 3.499 loading class java/time/temporal/IsoFields$Unit
Event: 3.499 loading class java/time/temporal/IsoFields$Unit done
Event: 3.519 loading class java/security/AccessControlException
Event: 3.519 loading class java/security/AccessControlException done


Dynamic libraries:
0x00007ff6c7d00000 - 0x00007ff6c7d0e000 	C:\Users\niting\.p2\pool\plugins\org.eclipse.justj.openjdk.hotspot.jre.full.win32.x86_64_17.0.8.v20230801-1951\jre\bin\javaw.exe
0x00007ffa62450000 - 0x00007ffa62648000 	C:\Windows\SYSTEM32\ntdll.dll
0x00007ffa621b0000 - 0x00007ffa6226f000 	C:\Windows\System32\KERNEL32.DLL
0x00007ffa5fc90000 - 0x00007ffa5ff86000 	C:\Windows\System32\KERNELBASE.dll
0x00007ffa602a0000 - 0x00007ffa603a0000 	C:\Windows\System32\ucrtbase.dll
0x00007ffa585b0000 - 0x00007ffa585c7000 	C:\Users\niting\.p2\pool\plugins\org.eclipse.justj.openjdk.hotspot.jre.full.win32.x86_64_17.0.8.v20230801-1951\jre\bin\jli.dll
0x00007ffa611e0000 - 0x00007ffa6137d000 	C:\Windows\System32\USER32.dll
0x00007ffa603d0000 - 0x00007ffa603f2000 	C:\Windows\System32\win32u.dll
0x00007ffa60dc0000 - 0x00007ffa60dec000 	C:\Windows\System32\GDI32.dll
0x00007ffa60020000 - 0x00007ffa60135000 	C:\Windows\System32\gdi32full.dll
0x00007ffa60140000 - 0x00007ffa601dd000 	C:\Windows\System32\msvcp_win.dll
0x00007ffa56ba0000 - 0x00007ffa56bb9000 	C:\Users\niting\.p2\pool\plugins\org.eclipse.justj.openjdk.hotspot.jre.full.win32.x86_64_17.0.8.v20230801-1951\jre\bin\VCRUNTIME140.dll
0x00007ffa52d30000 - 0x00007ffa52fca000 	C:\Windows\WinSxS\amd64_microsoft.windows.common-controls_6595b64144ccf1df_6.0.19041.1110_none_60b5254171f9507e\COMCTL32.dll
0x00007ffa62110000 - 0x00007ffa621ae000 	C:\Windows\System32\msvcrt.dll
0x00007ffa61520000 - 0x00007ffa61550000 	C:\Windows\System32\IMM32.DLL
0x00007ffa5cde0000 - 0x00007ffa5cdec000 	C:\Users\niting\.p2\pool\plugins\org.eclipse.justj.openjdk.hotspot.jre.full.win32.x86_64_17.0.8.v20230801-1951\jre\bin\vcruntime140_1.dll
0x00007ffa336c0000 - 0x00007ffa33751000 	C:\Users\niting\.p2\pool\plugins\org.eclipse.justj.openjdk.hotspot.jre.full.win32.x86_64_17.0.8.v20230801-1951\jre\bin\msvcp140.dll
0x00007ffa25750000 - 0x00007ffa2639c000 	C:\Users\niting\.p2\pool\plugins\org.eclipse.justj.openjdk.hotspot.jre.full.win32.x86_64_17.0.8.v20230801-1951\jre\bin\server\jvm.dll
0x00007ffa60ed0000 - 0x00007ffa60f7f000 	C:\Windows\System32\ADVAPI32.dll
0x00007ffa61130000 - 0x00007ffa611cc000 	C:\Windows\System32\sechost.dll
0x00007ffa60540000 - 0x00007ffa60666000 	C:\Windows\System32\RPCRT4.dll
0x00007ffa5f990000 - 0x00007ffa5f9db000 	C:\Windows\SYSTEM32\POWRPROF.dll
0x00007ffa52b80000 - 0x00007ffa52b89000 	C:\Windows\SYSTEM32\WSOCK32.dll
0x00007ffa61430000 - 0x00007ffa6149b000 	C:\Windows\System32\WS2_32.dll
0x00007ffa504e0000 - 0x00007ffa50507000 	C:\Windows\SYSTEM32\WINMM.dll
0x00007ffa5a540000 - 0x00007ffa5a54a000 	C:\Windows\SYSTEM32\VERSION.dll
0x00007ffa5f970000 - 0x00007ffa5f982000 	C:\Windows\SYSTEM32\UMPDC.dll
0x00007ffa5e3c0000 - 0x00007ffa5e3d2000 	C:\Windows\SYSTEM32\kernel.appcore.dll
0x00007ffa5cb70000 - 0x00007ffa5cb7a000 	C:\Users\niting\.p2\pool\plugins\org.eclipse.justj.openjdk.hotspot.jre.full.win32.x86_64_17.0.8.v20230801-1951\jre\bin\jimage.dll
0x00007ffa49010000 - 0x00007ffa491f4000 	C:\Windows\SYSTEM32\DBGHELP.DLL
0x00007ffa48b40000 - 0x00007ffa48b74000 	C:\Windows\SYSTEM32\dbgcore.DLL
0x00007ffa5ff90000 - 0x00007ffa60012000 	C:\Windows\System32\bcryptPrimitives.dll
0x00007ffa5c5f0000 - 0x00007ffa5c615000 	C:\Users\niting\.p2\pool\plugins\org.eclipse.justj.openjdk.hotspot.jre.full.win32.x86_64_17.0.8.v20230801-1951\jre\bin\java.dll
0x00007ffa5c5b0000 - 0x00007ffa5c5c8000 	C:\Users\niting\.p2\pool\plugins\org.eclipse.justj.openjdk.hotspot.jre.full.win32.x86_64_17.0.8.v20230801-1951\jre\bin\zip.dll
0x00007ffa61550000 - 0x00007ffa61c94000 	C:\Windows\System32\SHELL32.dll
0x00007ffa5d980000 - 0x00007ffa5e113000 	C:\Windows\SYSTEM32\windows.storage.dll
0x00007ffa60680000 - 0x00007ffa609d4000 	C:\Windows\System32\combase.dll
0x00007ffa5f4a0000 - 0x00007ffa5f4ce000 	C:\Windows\SYSTEM32\Wldp.dll
0x00007ffa60ab0000 - 0x00007ffa60b5d000 	C:\Windows\System32\SHCORE.dll
0x00007ffa60b60000 - 0x00007ffa60bb5000 	C:\Windows\System32\shlwapi.dll
0x00007ffa5fa60000 - 0x00007ffa5fa85000 	C:\Windows\SYSTEM32\profapi.dll
0x00007ffa5ad80000 - 0x00007ffa5ad99000 	C:\Users\niting\.p2\pool\plugins\org.eclipse.justj.openjdk.hotspot.jre.full.win32.x86_64_17.0.8.v20230801-1951\jre\bin\net.dll
0x00007ffa59760000 - 0x00007ffa5986a000 	C:\Windows\SYSTEM32\WINHTTP.dll
0x00007ffa5f200000 - 0x00007ffa5f26a000 	C:\Windows\system32\mswsock.dll
0x00007ffa59630000 - 0x00007ffa59645000 	C:\Users\niting\.p2\pool\plugins\org.eclipse.justj.openjdk.hotspot.jre.full.win32.x86_64_17.0.8.v20230801-1951\jre\bin\nio.dll
0x00007ffa5c6b0000 - 0x00007ffa5c6c0000 	C:\Users\niting\.p2\pool\plugins\org.eclipse.justj.openjdk.hotspot.jre.full.win32.x86_64_17.0.8.v20230801-1951\jre\bin\verify.dll
0x00007ffa5ef30000 - 0x00007ffa5effa000 	C:\Windows\SYSTEM32\DNSAPI.dll
0x00007ffa5eef0000 - 0x00007ffa5ef2b000 	C:\Windows\SYSTEM32\IPHLPAPI.DLL
0x00007ffa60670000 - 0x00007ffa60678000 	C:\Windows\System32\NSI.dll
0x00007ffa59480000 - 0x00007ffa5948a000 	C:\Windows\System32\rasadhlp.dll
0x00007ffa5acb0000 - 0x00007ffa5ad32000 	C:\Windows\System32\fwpuclnt.dll
0x00007ffa603a0000 - 0x00007ffa603c7000 	C:\Windows\System32\bcrypt.dll
0x00007ffa5f3f0000 - 0x00007ffa5f408000 	C:\Windows\SYSTEM32\CRYPTSP.dll
0x00007ffa5eb10000 - 0x00007ffa5eb44000 	C:\Windows\system32\rsaenh.dll
0x00007ffa5f9e0000 - 0x00007ffa5fa0e000 	C:\Windows\SYSTEM32\USERENV.dll
0x00007ffa5f410000 - 0x00007ffa5f41c000 	C:\Windows\SYSTEM32\CRYPTBASE.dll
0x00007ffa5ad60000 - 0x00007ffa5ad77000 	C:\Windows\SYSTEM32\dhcpcsvc6.DLL
0x00007ffa5aa20000 - 0x00007ffa5aa3d000 	C:\Windows\SYSTEM32\dhcpcsvc.DLL

dbghelp: loaded successfully - version: 4.0.5 - missing functions: none
symbol engine: initialized successfully - sym options: 0x614 - pdb path: .;C:\Users\niting\.p2\pool\plugins\org.eclipse.justj.openjdk.hotspot.jre.full.win32.x86_64_17.0.8.v20230801-1951\jre\bin;C:\Windows\SYSTEM32;C:\Windows\WinSxS\amd64_microsoft.windows.common-controls_6595b64144ccf1df_6.0.19041.1110_none_60b5254171f9507e;C:\Users\niting\.p2\pool\plugins\org.eclipse.justj.openjdk.hotspot.jre.full.win32.x86_64_17.0.8.v20230801-1951\jre\bin\server

VM Arguments:
jvm_args: -ea -Dfile.encoding=UTF-8 -XX:+ShowCodeDetailsInExceptionMessages 
java_command: org.testng.remote.RemoteTestNG -serport 63009 -protocol json -d C:\Users\niting\eclipse-workspace\Skochvotings\test-output C:\Users\niting\AppData\Local\Temp\testng-eclipse--1679900883\testng-customsuite.xml
java_class_path (initial): C:\Users\niting\eclipse\java-2023-062\eclipse\configuration\org.eclipse.osgi\514\0\.cp\lib\testng-remote.jar;C:\Users\niting\eclipse-workspace\Skochvotings\target\test-classes;C:\Users\niting\eclipse-workspace\Skochvotings\target\classes;C:\Users\niting\.p2\pool\plugins\org.testng_7.8.0.r202306071539.jar;C:\Users\niting\.p2\pool\plugins\com.beust.jcommander_1.82.0.jar;C:\Users\niting\.p2\pool\plugins\org.apache-extras.beanshell.bsh_2.0.0.b6.jar;C:\Users\niting\.p2\pool\plugins\org.yaml.snakeyaml_1.27.0.v20221112-0806.jar;C:\Users\niting\.p2\pool\plugins\org.webjars.jquery_3.6.1.jar;C:\Users\niting\.m2\repository\org\seleniumhq\selenium\selenium-java\4.4.0\selenium-java-4.4.0.jar;C:\Users\niting\.m2\repository\org\seleniumhq\selenium\selenium-api\4.4.0\selenium-api-4.4.0.jar;C:\Users\niting\.m2\repository\org\seleniumhq\selenium\selenium-chrome-driver\4.4.0\selenium-chrome-driver-4.4.0.jar;C:\Users\niting\.m2\repository\com\google\guava\guava\31.1-jre\guava-31.1-jre.jar;C:\Users\niting\.m2\repository\com\google\guava\failureaccess\1.0.1\failureaccess-1.0.1.jar;C:\Users\niting\.m2\repository\com\google\guava\listenablefuture\9999.0-empty-to-avoid-conflict-with-guava\listenablefuture-9999.0-empty-to-avoid-conflict-with-guava.jar;C:\Users\niting\.m2\repository\com\google\code\findbugs\jsr305\3.0.2\jsr305-3.0.2.jar;C:\Users\niting\.m2\repository\org\checkerframework\checker-qual\3.12.0\checker-qual-3.12.0.jar;C:\Users\niting\.m2\repository\com\google\errorprone\error_prone_annotations\2.11.0\error_prone_annotations-2.11.0.jar;C:\Users\niting\.m2\repository\com\google\j2objc\j2objc-annotations\1.3\j2objc-annotations-1.3.jar;C:\Users\niting\.m2\repository\org\seleniumhq\selenium\selenium-chromium-driver\4.4.0\selenium-chromium-driver-4.4.0.jar;C:\Users\niting\.m2\repository\org\seleniumhq\selenium\selenium-json\4.4.0\selenium-json-4.4.0.jar;C:\Users\niting\.m2\repository\org\seleniumhq\selenium\selenium-devtools-v102\4.4.0\selenium-devtools-v10
Launcher Type: SUN_STANDARD

[Global flags]
     intx CICompilerCount                          = 3                                         {product} {ergonomic}
     uint ConcGCThreads                            = 1                                         {product} {ergonomic}
     uint G1ConcRefinementThreads                  = 4                                         {product} {ergonomic}
   size_t G1HeapRegionSize                         = 1048576                                   {product} {ergonomic}
    uintx GCDrainStackTargetSize                   = 64                                        {product} {ergonomic}
   size_t InitialHeapSize                          = 134217728                                 {product} {ergonomic}
   size_t MarkStackSize                            = 4194304                                   {product} {ergonomic}
   size_t MaxHeapSize                              = 2118123520                                {product} {ergonomic}
   size_t MaxNewSize                               = 1270874112                                {product} {ergonomic}
   size_t MinHeapDeltaBytes                        = 1048576                                   {product} {ergonomic}
   size_t MinHeapSize                              = 8388608                                   {product} {ergonomic}
    uintx NonNMethodCodeHeapSize                   = 5832780                                {pd product} {ergonomic}
    uintx NonProfiledCodeHeapSize                  = 122912730                              {pd product} {ergonomic}
    uintx ProfiledCodeHeapSize                     = 122912730                              {pd product} {ergonomic}
    uintx ReservedCodeCacheSize                    = 251658240                              {pd product} {ergonomic}
     bool SegmentedCodeCache                       = true                                      {product} {ergonomic}
     bool ShowCodeDetailsInExceptionMessages       = true                                   {manageable} {command line}
   size_t SoftMaxHeapSize                          = 2118123520                             {manageable} {ergonomic}
     bool UseCompressedClassPointers               = true                           {product lp64_product} {ergonomic}
     bool UseCompressedOops                        = true                           {product lp64_product} {ergonomic}
     bool UseG1GC                                  = true                                      {product} {ergonomic}
     bool UseLargePagesIndividualAllocation        = false                                  {pd product} {ergonomic}

Logging:
Log output configuration:
 #0: stdout all=warning uptime,level,tags
 #1: stderr all=off uptime,level,tags

Environment Variables:
PATH=C:/Users/niting/.p2/pool/plugins/org.eclipse.justj.openjdk.hotspot.jre.full.win32.x86_64_17.0.8.v20230801-1951/jre/bin/server;C:/Users/niting/.p2/pool/plugins/org.eclipse.justj.openjdk.hotspot.jre.full.win32.x86_64_17.0.8.v20230801-1951/jre/bin;C:\Program Files (x86)\Common Files\Oracle\Java\javapath;C:\Windows\system32;C:\Windows;C:\Windows\System32\Wbem;C:\Windows\System32\WindowsPowerShell\v1.0\;C:\Windows\System32\OpenSSH\;C:\Program Files (x86)\Microsoft SQL Server\Client SDK\ODBC\130\Tools\Binn\;C:\Program Files (x86)\Microsoft SQL Server\140\Tools\Binn\;C:\Program Files (x86)\Microsoft SQL Server\140\DTS\Binn\;C:\Program Files (x86)\Microsoft SQL Server\140\Tools\Binn\ManagementStudio\;C:\Program Files (x86)\Microsoft SQL Server\110\Tools\Binn\;C:\Program Files\Microsoft SQL Server\110\Tools\Binn\;C:\Program Files\Microsoft SQL Server\110\DTS\Binn\;C:\Users\niting\AppData\Local\Microsoft\WindowsApps;;C:\Users\niting\Desktop;
USERNAME=niting
OS=Windows_NT
PROCESSOR_IDENTIFIER=Intel64 Family 6 Model 94 Stepping 3, GenuineIntel
TMP=C:\Users\niting\AppData\Local\Temp
TEMP=C:\Users\niting\AppData\Local\Temp



---------------  S Y S T E M  ---------------

OS:
 Windows 10 , 64 bit Build 19041 (10.0.19041.3155)
OS uptime: 1 days 17:20 hours

CPU: total 4 (initial active 4) (4 cores per cpu, 1 threads per core) family 6 model 94 stepping 3 microcode 0xcc, cx8, cmov, fxsr, mmx, 3dnowpref, sse, sse2, sse3, ssse3, sse4.1, sse4.2, popcnt, lzcnt, tsc, tscinvbit, avx, avx2, aes, erms, clmul, bmi1, bmi2, rtm, adx, fma, vzeroupper, clflush, clflushopt
Processor Information for all 4 processors :
  Max Mhz: 2496, Current Mhz: 2496, Mhz Limit: 2496

Memory: 4k page, system-wide physical 8072M (276M free)
TotalPageFile size 32648M (AvailPageFile size 27M)
current process WorkingSet (physical memory assigned to process): 100M, peak: 100M
current process commit charge ("private bytes"): 235M, peak: 236M

vm_info: OpenJDK 64-Bit Server VM (17.0.8+7) for windows-amd64 JRE (17.0.8+7), built on Jul 18 2023 21:02:32 by "admin" with MS VC++ 16.7 (VS2019)

END.
